5.4359 	WARNING 	We strongly recommend you activate the PTB sound engine in PsychoPy prefs as the preferred audio engine. Its timing is vastly superior. Your prefs are currently set to use ['sounddevice', 'PTB', 'pyo', 'pygame'] (in that order).
18.1695 	EXP 	Created window1 = Window(allowGUI=True, allowStencil=False, autoLog=True, backendConf=UNKNOWN, bitsMode=UNKNOWN, blendMode='avg', bpc=(8, 8, 8), color=array([1, 1, 1]), colorSpace='rgb', depthBits=8, fullscr=<method-wrapper '__getattribute__' of attributeSetter object at 0x00000296704D22E0>, gamma=None, gammaErrorPolicy='raise', lms=UNKNOWN, monitor=<psychopy.monitors.calibTools.Monitor object at 0x00000296709DAEE0>, multiSample=False, name='window1', numSamples=2, pos=(0, 0), screen=0, size=array([1920, 1080]), stencilBits=0, stereo=False, units='height', useFBO=True, useRetina=False, viewOri=0.0, viewPos=None, viewScale=None, waitBlanking=True, winType='pyglet')
18.1697 	EXP 	window1: mouseVisible = True
18.1698 	EXP 	window1: mouseVisible = False
18.1698 	EXP 	window1: Attempting to measure frame rate of screen (0) ...
18.1699 	EXP 	window1: recordFrameIntervals = False
18.4801 	EXP 	window1: recordFrameIntervals = True
18.8229 	EXP 	Screen (0) actual frame rate measured at 32.08Hz
18.8230 	EXP 	window1: recordFrameIntervals = False
24.2004 	EXP 	Created text_21 = TextStim(__class__=<class 'psychopy.visual.text.TextStim'>, alignHoriz=method-wrapper(...), alignText='center', alignVert=method-wrapper(...), anchorHoriz='center', anchorVert='center', antialias=True, autoDraw=False, autoLog=True, bold=False, color=array([-1, -1, -1]), colorSpace='rgb', contrast=1.0, depth=0.0, flipHoriz=False, flipVert=False, font='Open Sans', fontFiles=[], height=0.05, italic=False, languageStyle='LTR', name='text_21', opacity=1.0, ori=0.0, pos=array([0., 0.]), rgb=UNKNOWN, text=str(...), units='height', win=Window(...), wrapWidth=1)
24.2383 	EXP 	Created text_23 = TextStim(__class__=<class 'psychopy.visual.text.TextStim'>, alignHoriz=method-wrapper(...), alignText='center', alignVert=method-wrapper(...), anchorHoriz='center', anchorVert='center', antialias=True, autoDraw=False, autoLog=True, bold=False, color=array([-1, -1, -1]), colorSpace='rgb', contrast=1.0, depth=0.0, flipHoriz=False, flipVert=False, font='Open Sans', fontFiles=[], height=0.05, italic=False, languageStyle='LTR', name='text_23', opacity=1.0, ori=0.0, pos=array([0., 0.]), rgb=UNKNOWN, text=str(...), units='height', win=Window(...), wrapWidth=1)
24.2619 	EXP 	Created text_26 = TextStim(__class__=<class 'psychopy.visual.text.TextStim'>, alignHoriz=method-wrapper(...), alignText='center', alignVert=method-wrapper(...), anchorHoriz='center', anchorVert='center', antialias=True, autoDraw=False, autoLog=True, bold=False, color=array([-1, -1, -1]), colorSpace='rgb', contrast=1.0, depth=0.0, flipHoriz=False, flipVert=False, font='Open Sans', fontFiles=[], height=0.05, italic=False, languageStyle='LTR', name='text_26', opacity=1.0, ori=0.0, pos=array([0., 0.]), rgb=UNKNOWN, text=str(...), units='height', win=Window(...), wrapWidth=1)
24.8793 	EXP 	Sound volume_set set volume 1.000
24.8883 	EXP 	Created text_27 = TextStim(__class__=<class 'psychopy.visual.text.TextStim'>, alignHoriz=method-wrapper(...), alignText='center', alignVert=method-wrapper(...), anchorHoriz='center', anchorVert='center', antialias=True, autoDraw=False, autoLog=True, bold=False, color=array([-1, -1, -1]), colorSpace='rgb', contrast=1.0, depth=-2.0, flipHoriz=False, flipVert=False, font='Open Sans', fontFiles=[], height=0.05, italic=False, languageStyle='LTR', name='text_27', opacity=1.0, ori=0.0, pos=array([0., 0.]), rgb=UNKNOWN, text=str(...), units='height', win=Window(...), wrapWidth=1)
24.9003 	EXP 	Created text_24 = TextStim(__class__=<class 'psychopy.visual.text.TextStim'>, alignHoriz=method-wrapper(...), alignText='center', alignVert=method-wrapper(...), anchorHoriz='center', anchorVert='center', antialias=True, autoDraw=False, autoLog=True, bold=False, color=array([-1, -1, -1]), colorSpace='rgb', contrast=1.0, depth=0.0, flipHoriz=False, flipVert=False, font='Open Sans', fontFiles=[], height=0.05, italic=False, languageStyle='LTR', name='text_24', opacity=1.0, ori=0.0, pos=array([0., 0.]), rgb=UNKNOWN, text=str(...), units='height', win=Window(...), wrapWidth=1)
24.9155 	EXP 	Created text_22 = TextStim(__class__=<class 'psychopy.visual.text.TextStim'>, alignHoriz=method-wrapper(...), alignText='center', alignVert=method-wrapper(...), anchorHoriz='center', anchorVert='center', antialias=True, autoDraw=False, autoLog=True, bold=False, color=array([-1, -1, -1]), colorSpace='rgb', contrast=1.0, depth=0.0, flipHoriz=False, flipVert=False, font='Open Sans', fontFiles=[], height=0.05, italic=False, languageStyle='LTR', name='text_22', opacity=1.0, ori=0.0, pos=array([0., 0.]), rgb=UNKNOWN, text=str(...), units='height', win=Window(...), wrapWidth=1)
24.9300 	EXP 	Created text_25 = TextStim(__class__=<class 'psychopy.visual.text.TextStim'>, alignHoriz=method-wrapper(...), alignText='center', alignVert=method-wrapper(...), anchorHoriz='center', anchorVert='center', antialias=True, autoDraw=False, autoLog=True, bold=False, color=array([-1, -1, -1]), colorSpace='rgb', contrast=1.0, depth=0.0, flipHoriz=False, flipVert=False, font='Open Sans', fontFiles=[], height=0.05, italic=False, languageStyle='LTR', name='text_25', opacity=1.0, ori=0.0, pos=array([0., 0.]), rgb=UNKNOWN, text=str(...), units='height', win=Window(...), wrapWidth=1)
24.9491 	EXP 	Created text_28 = TextStim(__class__=<class 'psychopy.visual.text.TextStim'>, alignHoriz=method-wrapper(...), alignText='center', alignVert=method-wrapper(...), anchorHoriz='center', anchorVert='center', antialias=True, autoDraw=False, autoLog=True, bold=False, color=array([-1, -1, -1]), colorSpace='rgb', contrast=1.0, depth=0.0, flipHoriz=False, flipVert=False, font='Open Sans', fontFiles=[], height=0.05, italic=False, languageStyle='LTR', name='text_28', opacity=1.0, ori=0.0, pos=array([0., 0.]), rgb=UNKNOWN, text=str(...), units='height', win=Window(...), wrapWidth=1)
24.9532 	EXP 	Created text_29 = TextStim(__class__=<class 'psychopy.visual.text.TextStim'>, alignHoriz=method-wrapper(...), alignText='center', alignVert=method-wrapper(...), anchorHoriz='center', anchorVert='center', antialias=True, autoDraw=False, autoLog=True, bold=False, color=array([-1, -1, -1]), colorSpace='rgb', contrast=1.0, depth=0.0, flipHoriz=False, flipVert=False, font='Open Sans', fontFiles=[], height=0.05, italic=False, languageStyle='LTR', name='text_29', opacity=1.0, ori=0.0, pos=array([0., 0.]), rgb=UNKNOWN, text=str(...), units='height', win=Window(...), wrapWidth=1)
24.9608 	EXP 	Created text_36 = TextStim(__class__=<class 'psychopy.visual.text.TextStim'>, alignHoriz=method-wrapper(...), alignText='center', alignVert=method-wrapper(...), anchorHoriz='center', anchorVert='center', antialias=True, autoDraw=False, autoLog=True, bold=False, color=array([-1, -1, -1]), colorSpace='rgb', contrast=1.0, depth=0.0, flipHoriz=False, flipVert=False, font='Open Sans', fontFiles=[], height=0.05, italic=False, languageStyle='LTR', name='text_36', opacity=1.0, ori=0.0, pos=array([0., 0.]), rgb=UNKNOWN, text=str(...), units='height', win=Window(...), wrapWidth=1)
24.9609 	EXP 	Sound learning set volume 1.000
24.9633 	EXP 	Created text_19 = TextStim(__class__=<class 'psychopy.visual.text.TextStim'>, alignHoriz=method-wrapper(...), alignText='center', alignVert=method-wrapper(...), anchorHoriz='center', anchorVert='center', antialias=True, autoDraw=False, autoLog=True, bold=False, color=array([-1, -1, -1]), colorSpace='rgb', contrast=1.0, depth=-1.0, flipHoriz=False, flipVert=False, font='Open Sans', fontFiles=[], height=0.05, italic=False, languageStyle='LTR', name='text_19', opacity=1.0, ori=0.0, pos=array([0., 0.]), rgb=UNKNOWN, text='*', units='height', win=Window(...), wrapWidth=1)
24.9685 	EXP 	Created text_31 = TextStim(__class__=<class 'psychopy.visual.text.TextStim'>, alignHoriz=method-wrapper(...), alignText='center', alignVert=method-wrapper(...), anchorHoriz='center', anchorVert='center', antialias=True, autoDraw=False, autoLog=True, bold=False, color=array([-1, -1, -1]), colorSpace='rgb', contrast=1.0, depth=0.0, flipHoriz=False, flipVert=False, font='Open Sans', fontFiles=[], height=0.05, italic=False, languageStyle='LTR', name='text_31', opacity=1.0, ori=0.0, pos=array([0., 0.]), rgb=UNKNOWN, text=str(...), units='height', win=Window(...), wrapWidth=1)
24.9691 	EXP 	Created text_2 = TextStim(__class__=<class 'psychopy.visual.text.TextStim'>, alignHoriz=method-wrapper(...), alignText='center', alignVert=method-wrapper(...), anchorHoriz='center', anchorVert='center', antialias=True, autoDraw=False, autoLog=True, bold=False, color=array([-1, -1, -1]), colorSpace='rgb', contrast=1.0, depth=0.0, flipHoriz=False, flipVert=False, font='Open Sans', fontFiles=[], height=0.05, italic=False, languageStyle='LTR', name='text_2', opacity=1.0, ori=0.0, pos=array([0., 0.]), rgb=UNKNOWN, text='', units='height', win=Window(...), wrapWidth=1)
24.9692 	EXP 	Sound seqs set volume 1.000
24.9697 	EXP 	Created text_13 = TextStim(__class__=<class 'psychopy.visual.text.TextStim'>, alignHoriz=method-wrapper(...), alignText='center', alignVert=method-wrapper(...), anchorHoriz='center', anchorVert='center', antialias=True, autoDraw=False, autoLog=True, bold=False, color=array([1, 1, 1]), colorSpace='rgb', contrast=1.0, depth=-1.0, flipHoriz=False, flipVert=False, font='Open Sans', fontFiles=[], height=0.05, italic=False, languageStyle='LTR', name='text_13', opacity=1.0, ori=0.0, pos=array([0., 0.]), rgb=UNKNOWN, text='', units='height', win=Window(...), wrapWidth=1)
24.9824 	EXP 	Created text_12 = TextStim(__class__=<class 'psychopy.visual.text.TextStim'>, alignHoriz=method-wrapper(...), alignText='center', alignVert=method-wrapper(...), anchorHoriz='center', anchorVert='center', antialias=True, autoDraw=False, autoLog=True, bold=False, color=array([-1, -1, -1]), colorSpace='rgb', contrast=1.0, depth=0.0, flipHoriz=False, flipVert=False, font='Open Sans', fontFiles=[], height=0.05, italic=False, languageStyle='LTR', name='text_12', opacity=1.0, ori=0.0, pos=array([0., 0.]), rgb=UNKNOWN, text=str(...), units='height', win=Window(...), wrapWidth=1)
25.0082 	EXP 	Created text_14 = TextStim(__class__=<class 'psychopy.visual.text.TextStim'>, alignHoriz=method-wrapper(...), alignText='center', alignVert=method-wrapper(...), anchorHoriz='center', anchorVert='center', antialias=True, autoDraw=False, autoLog=True, bold=False, color=array([-1, -1, -1]), colorSpace='rgb', contrast=1.0, depth=0.0, flipHoriz=False, flipVert=False, font='Open Sans', fontFiles=[], height=0.05, italic=False, languageStyle='LTR', name='text_14', opacity=1.0, ori=0.0, pos=array([0., 0.]), rgb=UNKNOWN, text=str(...), units='height', win=Window(...), wrapWidth=1)
25.0147 	EXP 	Created text_15 = TextStim(__class__=<class 'psychopy.visual.text.TextStim'>, alignHoriz=method-wrapper(...), alignText='center', alignVert=method-wrapper(...), anchorHoriz='center', anchorVert='center', antialias=True, autoDraw=False, autoLog=True, bold=False, color=array([-1, -1, -1]), colorSpace='rgb', contrast=1.0, depth=0.0, flipHoriz=False, flipVert=False, font='Open Sans', fontFiles=[], height=0.05, italic=False, languageStyle='LTR', name='text_15', opacity=1.0, ori=0.0, pos=array([0., 0.]), rgb=UNKNOWN, text=str(...), units='height', win=Window(...), wrapWidth=1)
25.0148 	EXP 	Sound test_sounds set volume 1.000
25.0176 	EXP 	Created text_17 = TextStim(__class__=<class 'psychopy.visual.text.TextStim'>, alignHoriz=method-wrapper(...), alignText='center', alignVert=method-wrapper(...), anchorHoriz='center', anchorVert='center', antialias=True, autoDraw=False, autoLog=True, bold=False, color=array([-1, -1, -1]), colorSpace='rgb', contrast=1.0, depth=-1.0, flipHoriz=False, flipVert=False, font='Open Sans', fontFiles=[], height=0.05, italic=False, languageStyle='LTR', name='text_17', opacity=1.0, ori=0.0, pos=array([0., 0.]), rgb=UNKNOWN, text='*', units='height', win=Window(...), wrapWidth=1)
25.0285 	EXP 	Created text_18 = TextStim(__class__=<class 'psychopy.visual.text.TextStim'>, alignHoriz=method-wrapper(...), alignText='center', alignVert=method-wrapper(...), anchorHoriz='center', anchorVert='center', antialias=True, autoDraw=False, autoLog=True, bold=False, color=array([-1, -1, -1]), colorSpace='rgb', contrast=1.0, depth=0.0, flipHoriz=False, flipVert=False, font='Open Sans', fontFiles=[], height=0.05, italic=False, languageStyle='LTR', name='text_18', opacity=1.0, ori=0.0, pos=array([0., 0.]), rgb=UNKNOWN, text=str(...), units='height', win=Window(...), wrapWidth=1)
25.0519 	EXP 	Created text_32 = TextStim(__class__=<class 'psychopy.visual.text.TextStim'>, alignHoriz=method-wrapper(...), alignText='center', alignVert=method-wrapper(...), anchorHoriz='center', anchorVert='center', antialias=True, autoDraw=False, autoLog=True, bold=False, color=array([-1, -1, -1]), colorSpace='rgb', contrast=1.0, depth=0.0, flipHoriz=False, flipVert=False, font='Calibri', fontFiles=[], height=0.05, italic=False, languageStyle='LTR', name='text_32', opacity=1.0, ori=0.0, pos=array([0. , 0.1]), rgb=UNKNOWN, text=str(...), units='height', win=Window(...), wrapWidth=1)
25.1045 	EXP 	Created image_2 = ImageStim(__class__=<class 'psychopy.visual.image.ImageStim'>, anchor=('center', 'center'), autoLog=True, color=array([1, 1, 1]), colorSpace='rgb', contrast=1.0, depth=-1.0, flipHoriz=False, flipVert=False, image='question2.png', interpolate=True, mask=None, maskParams=None, name='image_2', opacity=1.0, ori=0.0, pos=array([0., 0.]), size=array([0.8 , 0.15]), texRes=128.0, units='height', win=Window(...))
25.1109 	EXP 	Created text_33 = TextStim(__class__=<class 'psychopy.visual.text.TextStim'>, alignHoriz=method-wrapper(...), alignText='center', alignVert=method-wrapper(...), anchorHoriz='center', anchorVert='center', antialias=True, autoDraw=False, autoLog=True, bold=False, color=array([-1, -1, -1]), colorSpace='rgb', contrast=1.0, depth=-2.0, flipHoriz=False, flipVert=False, font='Calibri', fontFiles=[], height=0.05, italic=False, languageStyle='LTR', name='text_33', opacity=1.0, ori=0.0, pos=array([ 0.  , -0.15]), rgb=UNKNOWN, text=str(...), units='height', win=Window(...), wrapWidth=1)
25.1158 	EXP 	Created text_30 = TextStim(__class__=<class 'psychopy.visual.text.TextStim'>, alignHoriz=method-wrapper(...), alignText='center', alignVert=method-wrapper(...), anchorHoriz='center', anchorVert='center', antialias=True, autoDraw=False, autoLog=True, bold=False, color=array([-1, -1, -1]), colorSpace='rgb', contrast=1.0, depth=0.0, flipHoriz=False, flipVert=False, font='Open Sans', fontFiles=[], height=0.05, italic=False, languageStyle='LTR', name='text_30', opacity=1.0, ori=0.0, pos=array([0., 0.]), rgb=UNKNOWN, text=str(...), units='height', win=Window(...), wrapWidth=1)
25.1301 	EXP 	text_21: autoDraw = True
26.6743 	DATA 	Keypress: space
26.6985 	EXP 	text_21: autoDraw = False
26.6985 	EXP 	text_23: autoDraw = True
27.1079 	DATA 	Keypress: space
27.1388 	EXP 	text_23: autoDraw = False
27.1388 	EXP 	text_26: autoDraw = True
27.4853 	DATA 	Keypress: space
27.5873 	EXP 	text_26: autoDraw = False
27.5873 	EXP 	text_27: autoDraw = True
28.1696 	DATA 	Keypress: space
28.2035 	EXP 	text_27: autoDraw = False
28.2035 	EXP 	text_24: autoDraw = True
28.7119 	DATA 	Keypress: space
28.7313 	EXP 	text_24: autoDraw = False
28.7313 	EXP 	text_22: autoDraw = True
29.2037 	DATA 	Keypress: space
29.2302 	EXP 	text_22: autoDraw = False
29.2302 	EXP 	text_25: autoDraw = True
29.6079 	DATA 	Keypress: space
29.6383 	EXP 	text_25: autoDraw = False
29.6383 	EXP 	text_28: autoDraw = True
30.0204 	DATA 	Keypress: space
30.0421 	EXP 	text_28: autoDraw = False
30.0421 	EXP 	text_29: autoDraw = True
30.4654 	EXP 	Imported condsA.csv as conditions, 4 conditions, 4 params
30.4678 	EXP 	Created sequence: random, trialTypes=4, nReps=1, seed=None
30.4685 	EXP 	New trial (rep=0, index=0): OrderedDict([('seq', 'ConjL1_uns.csv'), ('online_dir', 'dir_Online_conjL1_un.csv'), ('test_dir', 'Test_Conj_UnsyncL1.csv'), ('audio_offline', 'ConjL1_unsync_norm.wav')])
30.4720 	DATA 	Keypress: space
30.4774 	EXP 	text_29: autoDraw = False
30.4774 	EXP 	text_36: autoDraw = True
31.8944 	DATA 	Keypress: space
31.9218 	EXP 	text_36: autoDraw = False
31.9218 	EXP 	text_19: autoDraw = True
36.1126 	DATA 	Keypress: space
36.1390 	EXP 	text_19: autoDraw = False
36.1390 	EXP 	text_31: autoDraw = True
37.3936 	EXP 	Imported ConjL1_uns.csv as conditions, 32 conditions, 3 params
37.3978 	EXP 	Created sequence: random, trialTypes=32, nReps=1, seed=None
37.3983 	EXP 	New trial (rep=0, index=0): OrderedDict([('cond', 'ta'), ('ord', '60:64'), ('colour', 'blue')])
37.4375 	EXP 	Imported dir_Online_conjL1_un.csv as conditions, 4 conditions, 2 params
37.4378 	EXP 	Created sequence: random, trialTypes=4, nReps=1, seed=None
37.4381 	EXP 	New trial (rep=0, index=0): OrderedDict([('dirs', 'Online_conjL1_un//bTA29.none.wav'), ('time', 'none')])
37.4848 	DATA 	Keypress: space
37.4893 	EXP 	text_31: autoDraw = False
37.4893 	EXP 	text_2: height = 0.05
37.4893 	EXP 	text_2: height = 0.05
37.4893 	EXP 	text_2: height = 0.05
37.4893 	EXP 	text_2: text = 'ta'
37.4893 	EXP 	text_2: autoDraw = True
37.4893 	EXP 	text_2: autoDraw = False
37.4893 	EXP 	text_2: autoDraw = False
37.4893 	EXP 	text_13: autoDraw = True
37.4893 	EXP 	text_13: foreColor = <psychopy.colors.Color: blue, alpha=1.0>
37.5104 	EXP 	text_13: foreColor = <psychopy.colors.Color: blue, alpha=1.0>
37.5422 	EXP 	text_13: foreColor = <psychopy.colors.Color: blue, alpha=1.0>
37.5762 	EXP 	text_13: foreColor = <psychopy.colors.Color: blue, alpha=1.0>
37.6056 	EXP 	text_13: foreColor = <psychopy.colors.Color: blue, alpha=1.0>
37.6359 	EXP 	text_13: foreColor = <psychopy.colors.Color: blue, alpha=1.0>
37.6665 	EXP 	text_13: foreColor = <psychopy.colors.Color: blue, alpha=1.0>
37.6985 	EXP 	text_13: foreColor = <psychopy.colors.Color: blue, alpha=1.0>
37.7287 	EXP 	text_13: foreColor = <psychopy.colors.Color: blue, alpha=1.0>
37.7635 	EXP 	text_13: foreColor = <psychopy.colors.Color: blue, alpha=1.0>
37.7949 	EXP 	text_13: foreColor = <psychopy.colors.Color: blue, alpha=1.0>
37.8267 	EXP 	text_13: foreColor = <psychopy.colors.Color: blue, alpha=1.0>
37.8573 	EXP 	text_13: foreColor = <psychopy.colors.Color: blue, alpha=1.0>
37.8863 	EXP 	text_13: foreColor = <psychopy.colors.Color: blue, alpha=1.0>
37.8929 	DATA 	Keypress: space
37.9171 	EXP 	text_13: foreColor = <psychopy.colors.Color: blue, alpha=1.0>
37.9479 	EXP 	text_13: foreColor = <psychopy.colors.Color: blue, alpha=1.0>
37.9804 	EXP 	text_13: foreColor = <psychopy.colors.Color: blue, alpha=1.0>
38.0108 	EXP 	text_13: foreColor = <psychopy.colors.Color: blue, alpha=1.0>
38.0430 	EXP 	text_13: foreColor = <psychopy.colors.Color: blue, alpha=1.0>
38.0739 	EXP 	text_13: foreColor = <psychopy.colors.Color: blue, alpha=1.0>
38.1051 	EXP 	text_13: foreColor = <psychopy.colors.Color: blue, alpha=1.0>
38.1365 	EXP 	text_13: foreColor = <psychopy.colors.Color: blue, alpha=1.0>
38.1673 	EXP 	text_13: foreColor = <psychopy.colors.Color: blue, alpha=1.0>
38.1976 	EXP 	text_13: foreColor = <psychopy.colors.Color: blue, alpha=1.0>
38.2305 	EXP 	text_13: foreColor = <psychopy.colors.Color: blue, alpha=1.0>
38.2955 	EXP 	text_13: foreColor = <psychopy.colors.Color: blue, alpha=1.0>
38.3270 	EXP 	text_13: foreColor = <psychopy.colors.Color: blue, alpha=1.0>
38.3582 	EXP 	text_13: foreColor = <psychopy.colors.Color: blue, alpha=1.0>
38.3882 	EXP 	text_13: foreColor = <psychopy.colors.Color: blue, alpha=1.0>
38.4175 	EXP 	text_13: foreColor = <psychopy.colors.Color: blue, alpha=1.0>
38.4509 	EXP 	text_13: foreColor = <psychopy.colors.Color: blue, alpha=1.0>
38.4798 	EXP 	text_13: foreColor = <psychopy.colors.Color: blue, alpha=1.0>
38.5103 	EXP 	text_13: foreColor = <psychopy.colors.Color: blue, alpha=1.0>
38.5422 	EXP 	text_13: foreColor = <psychopy.colors.Color: blue, alpha=1.0>
38.5739 	EXP 	text_13: foreColor = <psychopy.colors.Color: blue, alpha=1.0>
38.6042 	EXP 	text_13: foreColor = <psychopy.colors.Color: blue, alpha=1.0>
38.6362 	EXP 	text_13: foreColor = <psychopy.colors.Color: blue, alpha=1.0>
38.6672 	EXP 	text_13: foreColor = <psychopy.colors.Color: blue, alpha=1.0>
38.6980 	EXP 	text_13: foreColor = <psychopy.colors.Color: blue, alpha=1.0>
38.7287 	EXP 	text_13: foreColor = <psychopy.colors.Color: blue, alpha=1.0>
38.7622 	EXP 	text_13: foreColor = <psychopy.colors.Color: blue, alpha=1.0>
38.7916 	EXP 	text_13: foreColor = <psychopy.colors.Color: blue, alpha=1.0>
38.8234 	EXP 	text_13: foreColor = <psychopy.colors.Color: blue, alpha=1.0>
38.8280 	EXP 	New trial (rep=0, index=1): OrderedDict([('dirs', 'Online_conjL1_un//bTA31.0.wav'), ('time', 0.0)])
38.8644 	DATA 	Keypress: y
38.8689 	EXP 	text_13: foreColor = <psychopy.colors.Color: blue, alpha=1.0>
38.8689 	EXP 	text_13: autoDraw = False
38.8689 	EXP 	text_13: autoDraw = True
38.8689 	EXP 	text_13: foreColor = <psychopy.colors.Color: blue, alpha=1.0>
38.8862 	EXP 	text_13: foreColor = <psychopy.colors.Color: blue, alpha=1.0>
38.9172 	EXP 	text_13: foreColor = <psychopy.colors.Color: blue, alpha=1.0>
38.9530 	EXP 	text_13: foreColor = <psychopy.colors.Color: blue, alpha=1.0>
38.9583 	EXP 	New trial (rep=0, index=2): OrderedDict([('dirs', 'Online_conjL1_un//bTA28.888.wav'), ('time', 888.0)])
38.9817 	DATA 	Keypress: y
38.9858 	EXP 	text_13: foreColor = <psychopy.colors.Color: blue, alpha=1.0>
38.9858 	EXP 	text_13: autoDraw = False
38.9858 	EXP 	text_13: autoDraw = True
38.9858 	EXP 	text_13: foreColor = <psychopy.colors.Color: blue, alpha=1.0>
39.0104 	EXP 	text_13: foreColor = <psychopy.colors.Color: blue, alpha=1.0>
39.0450 	EXP 	text_13: foreColor = <psychopy.colors.Color: blue, alpha=1.0>
39.0735 	EXP 	text_13: foreColor = <psychopy.colors.Color: blue, alpha=1.0>
39.1073 	EXP 	text_13: foreColor = <psychopy.colors.Color: blue, alpha=1.0>
39.1092 	EXP 	New trial (rep=0, index=3): OrderedDict([('dirs', 'Online_conjL1_un//bTA30.none.wav'), ('time', 'none')])
39.1361 	DATA 	Keypress: y
39.1425 	EXP 	text_13: foreColor = <psychopy.colors.Color: blue, alpha=1.0>
39.1425 	EXP 	text_13: autoDraw = False
39.1425 	EXP 	text_13: autoDraw = True
39.1425 	EXP 	text_13: foreColor = <psychopy.colors.Color: blue, alpha=1.0>
39.1668 	EXP 	text_13: foreColor = <psychopy.colors.Color: blue, alpha=1.0>
39.1974 	EXP 	text_13: foreColor = <psychopy.colors.Color: blue, alpha=1.0>
39.2296 	EXP 	text_13: foreColor = <psychopy.colors.Color: blue, alpha=1.0>
39.2633 	EXP 	text_13: foreColor = <psychopy.colors.Color: blue, alpha=1.0>
39.2682 	EXP 	New trial (rep=0, index=1): OrderedDict([('cond', 'ki'), ('ord', '24:28'), ('colour', 'red')])
39.3047 	EXP 	Imported dir_Online_conjL1_un.csv as conditions, 4 conditions, 2 params
39.3056 	EXP 	Created sequence: random, trialTypes=4, nReps=1, seed=None
39.3063 	EXP 	New trial (rep=0, index=0): OrderedDict([('dirs', 'Online_conjL1_un//aKI27.none.wav'), ('time', 'none')])
39.3425 	DATA 	Keypress: y
39.3468 	EXP 	text_13: foreColor = <psychopy.colors.Color: blue, alpha=1.0>
39.3468 	EXP 	text_13: autoDraw = False
39.3468 	EXP 	text_2: height = 0.05
39.3468 	EXP 	text_2: height = 0.05
39.3468 	EXP 	text_2: height = 0.05
39.3468 	EXP 	text_2: text = 'ki'
39.3468 	EXP 	text_2: autoDraw = True
39.3468 	EXP 	text_2: autoDraw = False
39.3468 	EXP 	text_2: autoDraw = False
39.3468 	EXP 	text_13: autoDraw = True
39.3468 	EXP 	text_13: foreColor = <psychopy.colors.Color: red, alpha=1.0>
39.3586 	EXP 	text_13: foreColor = <psychopy.colors.Color: red, alpha=1.0>
39.3863 	EXP 	text_13: foreColor = <psychopy.colors.Color: red, alpha=1.0>
39.3919 	EXP 	New trial (rep=0, index=1): OrderedDict([('dirs', 'Online_conjL1_un//aKI26.888.wav'), ('time', 888.0)])
39.4085 	DATA 	Keypress: y
39.4202 	EXP 	text_13: foreColor = <psychopy.colors.Color: red, alpha=1.0>
39.4202 	EXP 	text_13: autoDraw = False
39.4202 	EXP 	text_13: autoDraw = True
39.4202 	EXP 	text_13: foreColor = <psychopy.colors.Color: red, alpha=1.0>
39.4507 	EXP 	text_13: foreColor = <psychopy.colors.Color: red, alpha=1.0>
39.4835 	EXP 	text_13: foreColor = <psychopy.colors.Color: red, alpha=1.0>
39.5151 	EXP 	text_13: foreColor = <psychopy.colors.Color: red, alpha=1.0>
39.5421 	EXP 	text_13: foreColor = <psychopy.colors.Color: red, alpha=1.0>
39.5444 	DATA 	Keypress: y
39.5726 	EXP 	text_13: foreColor = <psychopy.colors.Color: red, alpha=1.0>
39.5746 	EXP 	New trial (rep=0, index=2): OrderedDict([('dirs', 'Online_conjL1_un//aKI25.888.wav'), ('time', 888.0)])
39.6192 	EXP 	text_13: foreColor = <psychopy.colors.Color: red, alpha=1.0>
39.6192 	EXP 	text_13: autoDraw = False
39.6192 	EXP 	text_13: autoDraw = True
39.6192 	EXP 	text_13: foreColor = <psychopy.colors.Color: red, alpha=1.0>
39.6355 	EXP 	text_13: foreColor = <psychopy.colors.Color: red, alpha=1.0>
39.6674 	EXP 	text_13: foreColor = <psychopy.colors.Color: red, alpha=1.0>
39.6994 	EXP 	text_13: foreColor = <psychopy.colors.Color: red, alpha=1.0>
39.7035 	EXP 	New trial (rep=0, index=3): OrderedDict([('dirs', 'Online_conjL1_un//aKI24.1776.wav'), ('time', 1776.0)])
39.7222 	DATA 	Keypress: y
39.7607 	EXP 	text_13: foreColor = <psychopy.colors.Color: red, alpha=1.0>
39.7607 	EXP 	text_13: autoDraw = False
39.7607 	EXP 	text_13: autoDraw = True
39.7607 	EXP 	text_13: foreColor = <psychopy.colors.Color: red, alpha=1.0>
39.7981 	EXP 	text_13: foreColor = <psychopy.colors.Color: red, alpha=1.0>
39.8261 	EXP 	text_13: foreColor = <psychopy.colors.Color: red, alpha=1.0>
39.8297 	EXP 	New trial (rep=0, index=2): OrderedDict([('cond', 'ta'), ('ord', '36:40'), ('colour', 'blue')])
39.8743 	EXP 	Imported dir_Online_conjL1_un.csv as conditions, 4 conditions, 2 params
39.8747 	EXP 	Created sequence: random, trialTypes=4, nReps=1, seed=None
39.8749 	EXP 	New trial (rep=0, index=0): OrderedDict([('dirs', 'Online_conjL1_un//bTA7.0.wav'), ('time', 0.0)])
39.9276 	DATA 	Keypress: y
39.9328 	EXP 	text_13: foreColor = <psychopy.colors.Color: red, alpha=1.0>
39.9328 	EXP 	text_13: autoDraw = False
39.9328 	EXP 	text_2: height = 0.05
39.9328 	EXP 	text_2: height = 0.05
39.9328 	EXP 	text_2: height = 0.05
39.9328 	EXP 	text_2: text = 'ta'
39.9328 	EXP 	text_2: autoDraw = True
39.9328 	EXP 	text_2: autoDraw = False
39.9328 	EXP 	text_2: autoDraw = False
39.9328 	EXP 	text_13: autoDraw = True
39.9328 	EXP 	text_13: foreColor = <psychopy.colors.Color: blue, alpha=1.0>
39.9475 	EXP 	text_13: foreColor = <psychopy.colors.Color: blue, alpha=1.0>
39.9795 	EXP 	text_13: foreColor = <psychopy.colors.Color: blue, alpha=1.0>
39.9844 	EXP 	New trial (rep=0, index=1): OrderedDict([('dirs', 'Online_conjL1_un//bTA6.0.wav'), ('time', 0.0)])
39.9968 	DATA 	Keypress: y
40.0106 	EXP 	text_13: foreColor = <psychopy.colors.Color: blue, alpha=1.0>
40.0106 	EXP 	text_13: autoDraw = False
40.0106 	EXP 	text_13: autoDraw = True
40.0106 	EXP 	text_13: foreColor = <psychopy.colors.Color: blue, alpha=1.0>
40.0411 	EXP 	text_13: foreColor = <psychopy.colors.Color: blue, alpha=1.0>
40.0728 	EXP 	text_13: foreColor = <psychopy.colors.Color: blue, alpha=1.0>
40.1069 	EXP 	text_13: foreColor = <psychopy.colors.Color: blue, alpha=1.0>
40.1176 	EXP 	New trial (rep=0, index=2): OrderedDict([('dirs', 'Online_conjL1_un//bTA4.888.wav'), ('time', 888.0)])
40.1531 	DATA 	Keypress: y
40.1607 	EXP 	text_13: foreColor = <psychopy.colors.Color: blue, alpha=1.0>
40.1607 	EXP 	text_13: autoDraw = False
40.1607 	EXP 	text_13: autoDraw = True
40.1607 	EXP 	text_13: foreColor = <psychopy.colors.Color: blue, alpha=1.0>
40.1960 	EXP 	text_13: foreColor = <psychopy.colors.Color: blue, alpha=1.0>
40.2295 	EXP 	text_13: foreColor = <psychopy.colors.Color: blue, alpha=1.0>
40.2347 	EXP 	New trial (rep=0, index=3): OrderedDict([('dirs', 'Online_conjL1_un//bTA5.888.wav'), ('time', 888.0)])
40.2846 	DATA 	Keypress: y
40.2891 	EXP 	text_13: foreColor = <psychopy.colors.Color: blue, alpha=1.0>
40.2891 	EXP 	text_13: autoDraw = False
40.2891 	EXP 	text_13: autoDraw = True
40.2891 	EXP 	text_13: foreColor = <psychopy.colors.Color: blue, alpha=1.0>
40.3262 	EXP 	text_13: foreColor = <psychopy.colors.Color: blue, alpha=1.0>
40.3578 	EXP 	text_13: foreColor = <psychopy.colors.Color: blue, alpha=1.0>
40.3610 	EXP 	New trial (rep=0, index=3): OrderedDict([('cond', 'ta'), ('ord', '48:52'), ('colour', 'blue')])
40.3800 	EXP 	Imported dir_Online_conjL1_un.csv as conditions, 4 conditions, 2 params
40.3806 	EXP 	Created sequence: random, trialTypes=4, nReps=1, seed=None
40.3812 	EXP 	New trial (rep=0, index=0): OrderedDict([('dirs', 'Online_conjL1_un//bTA17.888.wav'), ('time', 888.0)])
40.4161 	DATA 	Keypress: y
40.4204 	EXP 	text_13: foreColor = <psychopy.colors.Color: blue, alpha=1.0>
40.4204 	EXP 	text_13: autoDraw = False
40.4204 	EXP 	text_2: text = 'ta'
40.4204 	EXP 	text_2: autoDraw = True
40.4204 	EXP 	text_2: autoDraw = False
40.4204 	EXP 	text_2: autoDraw = False
40.4204 	EXP 	text_13: autoDraw = True
40.4204 	EXP 	text_13: foreColor = <psychopy.colors.Color: blue, alpha=1.0>
40.4483 	EXP 	text_13: foreColor = <psychopy.colors.Color: blue, alpha=1.0>
40.4797 	EXP 	text_13: foreColor = <psychopy.colors.Color: blue, alpha=1.0>
40.5112 	EXP 	text_13: foreColor = <psychopy.colors.Color: blue, alpha=1.0>
40.5163 	EXP 	New trial (rep=0, index=1): OrderedDict([('dirs', 'Online_conjL1_un//bTA18.888.wav'), ('time', 888.0)])
40.5318 	DATA 	Keypress: y
40.5450 	EXP 	text_13: foreColor = <psychopy.colors.Color: blue, alpha=1.0>
40.5450 	EXP 	text_13: autoDraw = False
40.5450 	EXP 	text_13: autoDraw = True
40.5450 	EXP 	text_13: foreColor = <psychopy.colors.Color: blue, alpha=1.0>
40.5761 	EXP 	text_13: foreColor = <psychopy.colors.Color: blue, alpha=1.0>
40.6046 	EXP 	text_13: foreColor = <psychopy.colors.Color: blue, alpha=1.0>
40.6363 	EXP 	text_13: foreColor = <psychopy.colors.Color: blue, alpha=1.0>
40.6679 	EXP 	text_13: foreColor = <psychopy.colors.Color: blue, alpha=1.0>
40.6735 	EXP 	New trial (rep=0, index=2): OrderedDict([('dirs', 'Online_conjL1_un//bTA16.0.wav'), ('time', 0.0)])
40.7160 	DATA 	Keypress: y
40.7202 	EXP 	text_13: foreColor = <psychopy.colors.Color: blue, alpha=1.0>
40.7202 	EXP 	text_13: autoDraw = False
40.7202 	EXP 	text_13: autoDraw = True
40.7202 	EXP 	text_13: foreColor = <psychopy.colors.Color: blue, alpha=1.0>
40.7297 	EXP 	text_13: foreColor = <psychopy.colors.Color: blue, alpha=1.0>
40.7601 	EXP 	text_13: foreColor = <psychopy.colors.Color: blue, alpha=1.0>
40.7922 	EXP 	text_13: foreColor = <psychopy.colors.Color: blue, alpha=1.0>
40.8259 	EXP 	text_13: foreColor = <psychopy.colors.Color: blue, alpha=1.0>
40.8281 	EXP 	New trial (rep=0, index=3): OrderedDict([('dirs', 'Online_conjL1_un//bTA19.none.wav'), ('time', 'none')])
40.8500 	DATA 	Keypress: y
40.8596 	EXP 	text_13: foreColor = <psychopy.colors.Color: blue, alpha=1.0>
40.8596 	EXP 	text_13: autoDraw = False
40.8596 	EXP 	text_13: autoDraw = True
40.8596 	EXP 	text_13: foreColor = <psychopy.colors.Color: blue, alpha=1.0>
40.8888 	EXP 	text_13: foreColor = <psychopy.colors.Color: blue, alpha=1.0>
40.9199 	EXP 	text_13: foreColor = <psychopy.colors.Color: blue, alpha=1.0>
40.9476 	EXP 	text_13: foreColor = <psychopy.colors.Color: blue, alpha=1.0>
40.9799 	EXP 	text_13: foreColor = <psychopy.colors.Color: blue, alpha=1.0>
40.9849 	EXP 	New trial (rep=0, index=4): OrderedDict([('cond', 'ne'), ('ord', '116:120'), ('colour', 'orange')])
41.0051 	EXP 	Imported dir_Online_conjL1_un.csv as conditions, 4 conditions, 2 params
41.0060 	EXP 	Created sequence: random, trialTypes=4, nReps=1, seed=None
41.0067 	EXP 	New trial (rep=0, index=0): OrderedDict([('dirs', 'Online_conjL1_un//dNE22.none.wav'), ('time', 'none')])
41.0320 	DATA 	Keypress: y
41.0369 	EXP 	text_13: foreColor = <psychopy.colors.Color: blue, alpha=1.0>
41.0369 	EXP 	text_13: autoDraw = False
41.0369 	EXP 	text_2: height = 0.05
41.0369 	EXP 	text_2: height = 0.05
41.0369 	EXP 	text_2: height = 0.05
41.0369 	EXP 	text_2: text = 'ne'
41.0369 	EXP 	text_2: autoDraw = True
41.0369 	EXP 	text_2: autoDraw = False
41.0369 	EXP 	text_2: autoDraw = False
41.0369 	EXP 	text_13: autoDraw = True
41.0369 	EXP 	text_13: foreColor = <psychopy.colors.Color: orange, alpha=1.0>
41.0734 	EXP 	text_13: foreColor = <psychopy.colors.Color: orange, alpha=1.0>
41.1068 	EXP 	text_13: foreColor = <psychopy.colors.Color: orange, alpha=1.0>
41.1140 	EXP 	New trial (rep=0, index=1): OrderedDict([('dirs', 'Online_conjL1_un//dNE21.1332.wav'), ('time', 1332.0)])
41.1246 	DATA 	Keypress: y
41.1379 	EXP 	text_13: foreColor = <psychopy.colors.Color: orange, alpha=1.0>
41.1379 	EXP 	text_13: autoDraw = False
41.1379 	EXP 	text_13: autoDraw = True
41.1379 	EXP 	text_13: foreColor = <psychopy.colors.Color: orange, alpha=1.0>
41.1671 	EXP 	text_13: foreColor = <psychopy.colors.Color: orange, alpha=1.0>
41.2026 	EXP 	text_13: foreColor = <psychopy.colors.Color: orange, alpha=1.0>
41.2294 	EXP 	text_13: foreColor = <psychopy.colors.Color: orange, alpha=1.0>
41.2609 	EXP 	text_13: foreColor = <psychopy.colors.Color: orange, alpha=1.0>
41.2634 	EXP 	New trial (rep=0, index=2): OrderedDict([('dirs', 'Online_conjL1_un//dNE23.none.wav'), ('time', 'none')])
41.2849 	DATA 	Keypress: y
41.2972 	EXP 	text_13: foreColor = <psychopy.colors.Color: orange, alpha=1.0>
41.2972 	EXP 	text_13: autoDraw = False
41.2972 	EXP 	text_13: autoDraw = True
41.2972 	EXP 	text_13: foreColor = <psychopy.colors.Color: orange, alpha=1.0>
41.3225 	EXP 	text_13: foreColor = <psychopy.colors.Color: orange, alpha=1.0>
41.3544 	EXP 	text_13: foreColor = <psychopy.colors.Color: orange, alpha=1.0>
41.4169 	EXP 	text_13: foreColor = <psychopy.colors.Color: orange, alpha=1.0>
41.4204 	EXP 	New trial (rep=0, index=3): OrderedDict([('dirs', 'Online_conjL1_un//dNE20.none.wav'), ('time', 'none')])
41.4442 	DATA 	Keypress: y
41.4532 	EXP 	text_13: foreColor = <psychopy.colors.Color: orange, alpha=1.0>
41.4532 	EXP 	text_13: autoDraw = False
41.4532 	EXP 	text_13: autoDraw = True
41.4532 	EXP 	text_13: foreColor = <psychopy.colors.Color: orange, alpha=1.0>
41.4791 	EXP 	text_13: foreColor = <psychopy.colors.Color: orange, alpha=1.0>
41.5105 	EXP 	text_13: foreColor = <psychopy.colors.Color: orange, alpha=1.0>
41.5420 	EXP 	text_13: foreColor = <psychopy.colors.Color: orange, alpha=1.0>
41.6045 	EXP 	text_13: foreColor = <psychopy.colors.Color: orange, alpha=1.0>
41.6362 	EXP 	text_13: foreColor = <psychopy.colors.Color: orange, alpha=1.0>
41.6669 	EXP 	text_13: foreColor = <psychopy.colors.Color: orange, alpha=1.0>
41.6991 	EXP 	text_13: foreColor = <psychopy.colors.Color: orange, alpha=1.0>
41.7071 	EXP 	New trial (rep=0, index=5): OrderedDict([('cond', 'ki'), ('ord', '0:4'), ('colour', 'red')])
41.7411 	EXP 	Imported dir_Online_conjL1_un.csv as conditions, 4 conditions, 2 params
41.7416 	EXP 	Created sequence: random, trialTypes=4, nReps=1, seed=None
41.7420 	EXP 	New trial (rep=0, index=0): OrderedDict([('dirs', 'Online_conjL1_un//aKI1.888.wav'), ('time', 888.0)])
41.7913 	DATA 	Keypress: y
41.7957 	EXP 	text_13: foreColor = <psychopy.colors.Color: orange, alpha=1.0>
41.7957 	EXP 	text_13: autoDraw = False
41.7957 	EXP 	text_2: height = 0.05
41.7957 	EXP 	text_2: height = 0.05
41.7957 	EXP 	text_2: height = 0.05
41.7957 	EXP 	text_2: text = 'ki'
41.7957 	EXP 	text_2: autoDraw = True
41.7957 	EXP 	text_2: autoDraw = False
41.7957 	EXP 	text_2: autoDraw = False
41.7957 	EXP 	text_13: autoDraw = True
41.7957 	EXP 	text_13: foreColor = <psychopy.colors.Color: red, alpha=1.0>
41.8229 	EXP 	text_13: foreColor = <psychopy.colors.Color: red, alpha=1.0>
41.8574 	EXP 	text_13: foreColor = <psychopy.colors.Color: red, alpha=1.0>
41.8591 	EXP 	New trial (rep=0, index=1): OrderedDict([('dirs', 'Online_conjL1_un//aKI2.none.wav'), ('time', 'none')])
41.8801 	DATA 	Keypress: y
41.8868 	EXP 	text_13: foreColor = <psychopy.colors.Color: red, alpha=1.0>
41.8868 	EXP 	text_13: autoDraw = False
41.8868 	EXP 	text_13: autoDraw = True
41.8868 	EXP 	text_13: foreColor = <psychopy.colors.Color: red, alpha=1.0>
41.9173 	EXP 	text_13: foreColor = <psychopy.colors.Color: red, alpha=1.0>
41.9481 	EXP 	text_13: foreColor = <psychopy.colors.Color: red, alpha=1.0>
41.9787 	EXP 	text_13: foreColor = <psychopy.colors.Color: red, alpha=1.0>
42.0111 	EXP 	text_13: foreColor = <psychopy.colors.Color: red, alpha=1.0>
42.0164 	DATA 	Keypress: y
42.0425 	EXP 	text_13: foreColor = <psychopy.colors.Color: red, alpha=1.0>
42.0485 	EXP 	New trial (rep=0, index=2): OrderedDict([('dirs', 'Online_conjL1_un//aKI0.none.wav'), ('time', 'none')])
42.0887 	EXP 	text_13: foreColor = <psychopy.colors.Color: red, alpha=1.0>
42.0887 	EXP 	text_13: autoDraw = False
42.0887 	EXP 	text_13: autoDraw = True
42.0887 	EXP 	text_13: foreColor = <psychopy.colors.Color: red, alpha=1.0>
42.1075 	EXP 	text_13: foreColor = <psychopy.colors.Color: red, alpha=1.0>
42.1366 	EXP 	text_13: foreColor = <psychopy.colors.Color: red, alpha=1.0>
42.1669 	EXP 	text_13: foreColor = <psychopy.colors.Color: red, alpha=1.0>
42.1973 	EXP 	text_13: foreColor = <psychopy.colors.Color: red, alpha=1.0>
42.2011 	EXP 	New trial (rep=0, index=3): OrderedDict([('dirs', 'Online_conjL1_un//aKI3.none.wav'), ('time', 'none')])
42.2345 	DATA 	Keypress: y
42.2397 	EXP 	text_13: foreColor = <psychopy.colors.Color: red, alpha=1.0>
42.2397 	EXP 	text_13: autoDraw = False
42.2397 	EXP 	text_13: autoDraw = True
42.2397 	EXP 	text_13: foreColor = <psychopy.colors.Color: red, alpha=1.0>
42.2597 	EXP 	text_13: foreColor = <psychopy.colors.Color: red, alpha=1.0>
42.2947 	EXP 	text_13: foreColor = <psychopy.colors.Color: red, alpha=1.0>
42.3230 	EXP 	text_13: foreColor = <psychopy.colors.Color: red, alpha=1.0>
42.3263 	DATA 	Keypress: y
42.3554 	EXP 	text_13: foreColor = <psychopy.colors.Color: red, alpha=1.0>
42.3580 	EXP 	New trial (rep=0, index=6): OrderedDict([('cond', 'ro'), ('ord', '68:72'), ('colour', 'green')])
42.3838 	EXP 	Imported dir_Online_conjL1_un.csv as conditions, 4 conditions, 2 params
42.3842 	EXP 	Created sequence: random, trialTypes=4, nReps=1, seed=None
42.3845 	EXP 	New trial (rep=0, index=0): OrderedDict([('dirs', 'Online_conjL1_un//cRO7.222.wav'), ('time', 222.0)])
42.4351 	EXP 	text_13: foreColor = <psychopy.colors.Color: red, alpha=1.0>
42.4351 	EXP 	text_13: autoDraw = False
42.4351 	EXP 	text_2: height = 0.05
42.4351 	EXP 	text_2: height = 0.05
42.4351 	EXP 	text_2: height = 0.05
42.4351 	EXP 	text_2: text = 'ro'
42.4351 	EXP 	text_2: autoDraw = True
42.4351 	EXP 	text_2: autoDraw = False
42.4351 	EXP 	text_2: autoDraw = False
42.4351 	EXP 	text_13: autoDraw = True
42.4351 	EXP 	text_13: foreColor = <psychopy.colors.Color: green, alpha=1.0>
42.4483 	EXP 	text_13: foreColor = <psychopy.colors.Color: green, alpha=1.0>
42.4793 	EXP 	text_13: foreColor = <psychopy.colors.Color: green, alpha=1.0>
42.4843 	EXP 	New trial (rep=0, index=1): OrderedDict([('dirs', 'Online_conjL1_un//cRO6.1332.wav'), ('time', 1332.0)])
42.5127 	DATA 	Keypress: y
42.5171 	EXP 	text_13: foreColor = <psychopy.colors.Color: green, alpha=1.0>
42.5171 	EXP 	text_13: autoDraw = False
42.5171 	EXP 	text_13: autoDraw = True
42.5171 	EXP 	text_13: foreColor = <psychopy.colors.Color: green, alpha=1.0>
42.5421 	EXP 	text_13: foreColor = <psychopy.colors.Color: green, alpha=1.0>
42.5734 	EXP 	text_13: foreColor = <psychopy.colors.Color: green, alpha=1.0>
42.6043 	EXP 	text_13: foreColor = <psychopy.colors.Color: green, alpha=1.0>
42.6412 	EXP 	text_13: foreColor = <psychopy.colors.Color: green, alpha=1.0>
42.6488 	EXP 	New trial (rep=0, index=2): OrderedDict([('dirs', 'Online_conjL1_un//cRO5.none.wav'), ('time', 'none')])
42.6770 	DATA 	Keypress: y
42.6812 	EXP 	text_13: foreColor = <psychopy.colors.Color: green, alpha=1.0>
42.6812 	EXP 	text_13: autoDraw = False
42.6812 	EXP 	text_13: autoDraw = True
42.6812 	EXP 	text_13: foreColor = <psychopy.colors.Color: green, alpha=1.0>
42.6978 	EXP 	text_13: foreColor = <psychopy.colors.Color: green, alpha=1.0>
42.7293 	EXP 	text_13: foreColor = <psychopy.colors.Color: green, alpha=1.0>
42.7604 	EXP 	text_13: foreColor = <psychopy.colors.Color: green, alpha=1.0>
42.8263 	EXP 	text_13: foreColor = <psychopy.colors.Color: green, alpha=1.0>
42.8345 	EXP 	New trial (rep=0, index=3): OrderedDict([('dirs', 'Online_conjL1_un//cRO4.444.wav'), ('time', 444.0)])
42.8666 	DATA 	Keypress: y
42.8807 	EXP 	text_13: foreColor = <psychopy.colors.Color: green, alpha=1.0>
42.8807 	EXP 	text_13: autoDraw = False
42.8807 	EXP 	text_13: autoDraw = True
42.8807 	EXP 	text_13: foreColor = <psychopy.colors.Color: green, alpha=1.0>
42.9151 	EXP 	text_13: foreColor = <psychopy.colors.Color: green, alpha=1.0>
42.9513 	EXP 	text_13: foreColor = <psychopy.colors.Color: green, alpha=1.0>
42.9602 	EXP 	New trial (rep=0, index=7): OrderedDict([('cond', 'ro'), ('ord', '72:76'), ('colour', 'green')])
42.9871 	EXP 	Imported dir_Online_conjL1_un.csv as conditions, 4 conditions, 2 params
42.9883 	EXP 	Created sequence: random, trialTypes=4, nReps=1, seed=None
42.9889 	EXP 	New trial (rep=0, index=0): OrderedDict([('dirs', 'Online_conjL1_un//cRO8.none.wav'), ('time', 'none')])
43.0103 	DATA 	Keypress: y
43.0146 	EXP 	text_13: foreColor = <psychopy.colors.Color: green, alpha=1.0>
43.0146 	EXP 	text_13: autoDraw = False
43.0146 	EXP 	text_2: text = 'ro'
43.0146 	EXP 	text_2: autoDraw = True
43.0146 	EXP 	text_2: autoDraw = False
43.0146 	EXP 	text_2: autoDraw = False
43.0146 	EXP 	text_13: autoDraw = True
43.0146 	EXP 	text_13: foreColor = <psychopy.colors.Color: green, alpha=1.0>
43.0563 	EXP 	text_13: foreColor = <psychopy.colors.Color: green, alpha=1.0>
43.0762 	EXP 	text_13: foreColor = <psychopy.colors.Color: green, alpha=1.0>
43.1077 	EXP 	text_13: foreColor = <psychopy.colors.Color: green, alpha=1.0>
43.1131 	EXP 	New trial (rep=0, index=1): OrderedDict([('dirs', 'Online_conjL1_un//cRO11.1110.wav'), ('time', 1110.0)])
43.1510 	DATA 	Keypress: y
43.1551 	EXP 	text_13: foreColor = <psychopy.colors.Color: green, alpha=1.0>
43.1551 	EXP 	text_13: autoDraw = False
43.1551 	EXP 	text_13: autoDraw = True
43.1551 	EXP 	text_13: foreColor = <psychopy.colors.Color: green, alpha=1.0>
43.1666 	EXP 	text_13: foreColor = <psychopy.colors.Color: green, alpha=1.0>
43.2033 	EXP 	text_13: foreColor = <psychopy.colors.Color: green, alpha=1.0>
43.2291 	EXP 	text_13: foreColor = <psychopy.colors.Color: green, alpha=1.0>
43.2616 	EXP 	text_13: foreColor = <psychopy.colors.Color: green, alpha=1.0>
43.2683 	EXP 	New trial (rep=0, index=2): OrderedDict([('dirs', 'Online_conjL1_un//cRO10.1332.wav'), ('time', 1332.0)])
43.2865 	DATA 	Keypress: y
43.2940 	EXP 	text_13: foreColor = <psychopy.colors.Color: green, alpha=1.0>
43.2940 	EXP 	text_13: autoDraw = False
43.2940 	EXP 	text_13: autoDraw = True
43.2940 	EXP 	text_13: foreColor = <psychopy.colors.Color: green, alpha=1.0>
43.3255 	EXP 	text_13: foreColor = <psychopy.colors.Color: green, alpha=1.0>
43.3566 	EXP 	text_13: foreColor = <psychopy.colors.Color: green, alpha=1.0>
43.4196 	EXP 	text_13: foreColor = <psychopy.colors.Color: green, alpha=1.0>
43.4229 	EXP 	New trial (rep=0, index=3): OrderedDict([('dirs', 'Online_conjL1_un//cRO9.1332.wav'), ('time', 1332.0)])
43.4523 	DATA 	Keypress: y
43.4568 	EXP 	text_13: foreColor = <psychopy.colors.Color: green, alpha=1.0>
43.4568 	EXP 	text_13: autoDraw = False
43.4568 	EXP 	text_13: autoDraw = True
43.4568 	EXP 	text_13: foreColor = <psychopy.colors.Color: green, alpha=1.0>
43.4791 	EXP 	text_13: foreColor = <psychopy.colors.Color: green, alpha=1.0>
43.5104 	EXP 	text_13: foreColor = <psychopy.colors.Color: green, alpha=1.0>
43.5465 	EXP 	text_13: foreColor = <psychopy.colors.Color: green, alpha=1.0>
43.5785 	EXP 	text_13: foreColor = <psychopy.colors.Color: green, alpha=1.0>
43.6071 	EXP 	text_13: foreColor = <psychopy.colors.Color: green, alpha=1.0>
43.6094 	EXP 	New trial (rep=0, index=8): OrderedDict([('cond', 'ne'), ('ord', '100:104'), ('colour', 'orange')])
43.6303 	EXP 	Imported dir_Online_conjL1_un.csv as conditions, 4 conditions, 2 params
43.6311 	EXP 	Created sequence: random, trialTypes=4, nReps=1, seed=None
43.6335 	EXP 	New trial (rep=0, index=0): OrderedDict([('dirs', 'Online_conjL1_un//dNE4.222.wav'), ('time', 222.0)])
43.6591 	DATA 	Keypress: y
43.6637 	EXP 	text_13: foreColor = <psychopy.colors.Color: green, alpha=1.0>
43.6637 	EXP 	text_13: autoDraw = False
43.6637 	EXP 	text_2: height = 0.05
43.6637 	EXP 	text_2: height = 0.05
43.6637 	EXP 	text_2: height = 0.05
43.6637 	EXP 	text_2: text = 'ne'
43.6637 	EXP 	text_2: autoDraw = True
43.6637 	EXP 	text_2: autoDraw = False
43.6637 	EXP 	text_2: autoDraw = False
43.6637 	EXP 	text_13: autoDraw = True
43.6637 	EXP 	text_13: foreColor = <psychopy.colors.Color: orange, alpha=1.0>
43.7015 	EXP 	text_13: foreColor = <psychopy.colors.Color: orange, alpha=1.0>
43.7329 	EXP 	text_13: foreColor = <psychopy.colors.Color: orange, alpha=1.0>
43.7395 	EXP 	New trial (rep=0, index=1): OrderedDict([('dirs', 'Online_conjL1_un//dNE7.none.wav'), ('time', 'none')])
43.7728 	DATA 	Keypress: y
43.7771 	EXP 	text_13: foreColor = <psychopy.colors.Color: orange, alpha=1.0>
43.7771 	EXP 	text_13: autoDraw = False
43.7771 	EXP 	text_13: autoDraw = True
43.7771 	EXP 	text_13: foreColor = <psychopy.colors.Color: orange, alpha=1.0>
43.7929 	EXP 	text_13: foreColor = <psychopy.colors.Color: orange, alpha=1.0>
43.8260 	EXP 	text_13: foreColor = <psychopy.colors.Color: orange, alpha=1.0>
43.8578 	EXP 	text_13: foreColor = <psychopy.colors.Color: orange, alpha=1.0>
43.8862 	EXP 	text_13: foreColor = <psychopy.colors.Color: orange, alpha=1.0>
43.9166 	EXP 	text_13: foreColor = <psychopy.colors.Color: orange, alpha=1.0>
43.9189 	EXP 	New trial (rep=0, index=2): OrderedDict([('dirs', 'Online_conjL1_un//dNE5.1776.wav'), ('time', 1776.0)])
43.9687 	DATA 	Keypress: y
43.9733 	EXP 	text_13: foreColor = <psychopy.colors.Color: orange, alpha=1.0>
43.9733 	EXP 	text_13: autoDraw = False
43.9733 	EXP 	text_13: autoDraw = True
43.9733 	EXP 	text_13: foreColor = <psychopy.colors.Color: orange, alpha=1.0>
44.0078 	EXP 	text_13: foreColor = <psychopy.colors.Color: orange, alpha=1.0>
44.0419 	EXP 	text_13: foreColor = <psychopy.colors.Color: orange, alpha=1.0>
44.0733 	EXP 	text_13: foreColor = <psychopy.colors.Color: orange, alpha=1.0>
44.0772 	EXP 	New trial (rep=0, index=3): OrderedDict([('dirs', 'Online_conjL1_un//dNE6.none.wav'), ('time', 'none')])
44.0863 	DATA 	Keypress: y
44.1082 	EXP 	text_13: foreColor = <psychopy.colors.Color: orange, alpha=1.0>
44.1082 	EXP 	text_13: autoDraw = False
44.1082 	EXP 	text_13: autoDraw = True
44.1082 	EXP 	text_13: foreColor = <psychopy.colors.Color: orange, alpha=1.0>
44.1360 	EXP 	text_13: foreColor = <psychopy.colors.Color: orange, alpha=1.0>
44.1668 	EXP 	text_13: foreColor = <psychopy.colors.Color: orange, alpha=1.0>
44.1977 	EXP 	text_13: foreColor = <psychopy.colors.Color: orange, alpha=1.0>
44.2334 	EXP 	text_13: foreColor = <psychopy.colors.Color: orange, alpha=1.0>
44.2428 	EXP 	New trial (rep=0, index=9): OrderedDict([('cond', 'ta'), ('ord', '40:44'), ('colour', 'blue')])
44.2816 	EXP 	Imported dir_Online_conjL1_un.csv as conditions, 4 conditions, 2 params
44.2822 	EXP 	Created sequence: random, trialTypes=4, nReps=1, seed=None
44.2826 	EXP 	New trial (rep=0, index=0): OrderedDict([('dirs', 'Online_conjL1_un//bTA9.0.wav'), ('time', 0.0)])
44.3490 	DATA 	Keypress: y
44.3538 	EXP 	text_13: foreColor = <psychopy.colors.Color: orange, alpha=1.0>
44.3538 	EXP 	text_13: autoDraw = False
44.3538 	EXP 	text_2: height = 0.05
44.3538 	EXP 	text_2: height = 0.05
44.3538 	EXP 	text_2: height = 0.05
44.3538 	EXP 	text_2: text = 'ta'
44.3538 	EXP 	text_2: autoDraw = True
44.3538 	EXP 	text_2: autoDraw = False
44.3538 	EXP 	text_2: autoDraw = False
44.3538 	EXP 	text_13: autoDraw = True
44.3538 	EXP 	text_13: foreColor = <psychopy.colors.Color: blue, alpha=1.0>
44.3860 	EXP 	text_13: foreColor = <psychopy.colors.Color: blue, alpha=1.0>
44.3930 	EXP 	New trial (rep=0, index=1): OrderedDict([('dirs', 'Online_conjL1_un//bTA10.none.wav'), ('time', 'none')])
44.4336 	DATA 	Keypress: y
44.4379 	EXP 	text_13: foreColor = <psychopy.colors.Color: blue, alpha=1.0>
44.4379 	EXP 	text_13: autoDraw = False
44.4379 	EXP 	text_13: autoDraw = True
44.4379 	EXP 	text_13: foreColor = <psychopy.colors.Color: blue, alpha=1.0>
44.4512 	EXP 	text_13: foreColor = <psychopy.colors.Color: blue, alpha=1.0>
44.4795 	EXP 	text_13: foreColor = <psychopy.colors.Color: blue, alpha=1.0>
44.5140 	EXP 	text_13: foreColor = <psychopy.colors.Color: blue, alpha=1.0>
44.5422 	EXP 	text_13: foreColor = <psychopy.colors.Color: blue, alpha=1.0>
44.5471 	EXP 	New trial (rep=0, index=2): OrderedDict([('dirs', 'Online_conjL1_un//bTA11.none.wav'), ('time', 'none')])
44.5719 	DATA 	Keypress: y
44.5779 	EXP 	text_13: foreColor = <psychopy.colors.Color: blue, alpha=1.0>
44.5779 	EXP 	text_13: autoDraw = False
44.5779 	EXP 	text_13: autoDraw = True
44.5779 	EXP 	text_13: foreColor = <psychopy.colors.Color: blue, alpha=1.0>
44.6049 	EXP 	text_13: foreColor = <psychopy.colors.Color: blue, alpha=1.0>
44.6350 	EXP 	text_13: foreColor = <psychopy.colors.Color: blue, alpha=1.0>
44.6695 	EXP 	text_13: foreColor = <psychopy.colors.Color: blue, alpha=1.0>
44.6989 	EXP 	text_13: foreColor = <psychopy.colors.Color: blue, alpha=1.0>
44.7066 	EXP 	New trial (rep=0, index=3): OrderedDict([('dirs', 'Online_conjL1_un//bTA8.none.wav'), ('time', 'none')])
44.7347 	DATA 	Keypress: y
44.7389 	EXP 	text_13: foreColor = <psychopy.colors.Color: blue, alpha=1.0>
44.7389 	EXP 	text_13: autoDraw = False
44.7389 	EXP 	text_13: autoDraw = True
44.7389 	EXP 	text_13: foreColor = <psychopy.colors.Color: blue, alpha=1.0>
44.7610 	EXP 	text_13: foreColor = <psychopy.colors.Color: blue, alpha=1.0>
44.7925 	EXP 	text_13: foreColor = <psychopy.colors.Color: blue, alpha=1.0>
44.8234 	EXP 	text_13: foreColor = <psychopy.colors.Color: blue, alpha=1.0>
44.8575 	EXP 	text_13: foreColor = <psychopy.colors.Color: blue, alpha=1.0>
44.8624 	EXP 	New trial (rep=0, index=10): OrderedDict([('cond', 'ki'), ('ord', '16:20'), ('colour', 'red')])
44.8834 	EXP 	Imported dir_Online_conjL1_un.csv as conditions, 4 conditions, 2 params
44.8838 	EXP 	Created sequence: random, trialTypes=4, nReps=1, seed=None
44.8841 	EXP 	New trial (rep=0, index=0): OrderedDict([('dirs', 'Online_conjL1_un//aKI16.888.wav'), ('time', 888.0)])
44.9650 	DATA 	Keypress: y
44.9697 	EXP 	text_13: foreColor = <psychopy.colors.Color: blue, alpha=1.0>
44.9697 	EXP 	text_13: autoDraw = False
44.9697 	EXP 	text_2: height = 0.05
44.9697 	EXP 	text_2: height = 0.05
44.9697 	EXP 	text_2: height = 0.05
44.9697 	EXP 	text_2: text = 'ki'
44.9697 	EXP 	text_2: autoDraw = True
44.9697 	EXP 	text_2: autoDraw = False
44.9697 	EXP 	text_2: autoDraw = False
44.9697 	EXP 	text_13: autoDraw = True
44.9697 	EXP 	text_13: foreColor = <psychopy.colors.Color: red, alpha=1.0>
44.9800 	EXP 	text_13: foreColor = <psychopy.colors.Color: red, alpha=1.0>
45.0101 	EXP 	text_13: foreColor = <psychopy.colors.Color: red, alpha=1.0>
45.0143 	EXP 	New trial (rep=0, index=1): OrderedDict([('dirs', 'Online_conjL1_un//aKI17.none.wav'), ('time', 'none')])
45.1029 	DATA 	Keypress: y
45.1082 	EXP 	text_13: foreColor = <psychopy.colors.Color: red, alpha=1.0>
45.1082 	EXP 	text_13: autoDraw = False
45.1082 	EXP 	text_13: autoDraw = True
45.1082 	EXP 	text_13: foreColor = <psychopy.colors.Color: red, alpha=1.0>
45.1412 	EXP 	text_13: foreColor = <psychopy.colors.Color: red, alpha=1.0>
45.1664 	EXP 	text_13: foreColor = <psychopy.colors.Color: red, alpha=1.0>
45.1705 	DATA 	Keypress: y
45.1979 	EXP 	text_13: foreColor = <psychopy.colors.Color: red, alpha=1.0>
45.2043 	EXP 	New trial (rep=0, index=2): OrderedDict([('dirs', 'Online_conjL1_un//aKI18.none.wav'), ('time', 'none')])
45.2297 	EXP 	text_13: foreColor = <psychopy.colors.Color: red, alpha=1.0>
45.2297 	EXP 	text_13: autoDraw = False
45.2297 	EXP 	text_13: autoDraw = True
45.2297 	EXP 	text_13: foreColor = <psychopy.colors.Color: red, alpha=1.0>
45.2610 	EXP 	text_13: foreColor = <psychopy.colors.Color: red, alpha=1.0>
45.2966 	EXP 	text_13: foreColor = <psychopy.colors.Color: red, alpha=1.0>
45.3226 	EXP 	text_13: foreColor = <psychopy.colors.Color: red, alpha=1.0>
45.3545 	EXP 	text_13: foreColor = <psychopy.colors.Color: red, alpha=1.0>
45.3562 	EXP 	New trial (rep=0, index=3): OrderedDict([('dirs', 'Online_conjL1_un//aKI19.none.wav'), ('time', 'none')])
45.3775 	DATA 	Keypress: y
45.3857 	EXP 	text_13: foreColor = <psychopy.colors.Color: red, alpha=1.0>
45.3857 	EXP 	text_13: autoDraw = False
45.3857 	EXP 	text_13: autoDraw = True
45.3857 	EXP 	text_13: foreColor = <psychopy.colors.Color: red, alpha=1.0>
45.4203 	EXP 	text_13: foreColor = <psychopy.colors.Color: red, alpha=1.0>
45.4477 	EXP 	text_13: foreColor = <psychopy.colors.Color: red, alpha=1.0>
45.4794 	EXP 	text_13: foreColor = <psychopy.colors.Color: red, alpha=1.0>
45.4835 	EXP 	New trial (rep=0, index=11): OrderedDict([('cond', 'ta'), ('ord', '32:36'), ('colour', 'blue')])
45.4990 	EXP 	Imported dir_Online_conjL1_un.csv as conditions, 4 conditions, 2 params
45.4993 	EXP 	Created sequence: random, trialTypes=4, nReps=1, seed=None
45.4995 	EXP 	New trial (rep=0, index=0): OrderedDict([('dirs', 'Online_conjL1_un//bTA0.none.wav'), ('time', 'none')])
45.5848 	DATA 	Keypress: y
45.5895 	EXP 	text_13: foreColor = <psychopy.colors.Color: red, alpha=1.0>
45.5895 	EXP 	text_13: autoDraw = False
45.5895 	EXP 	text_2: height = 0.05
45.5895 	EXP 	text_2: height = 0.05
45.5895 	EXP 	text_2: height = 0.05
45.5895 	EXP 	text_2: text = 'ta'
45.5895 	EXP 	text_2: autoDraw = True
45.5895 	EXP 	text_2: autoDraw = False
45.5895 	EXP 	text_2: autoDraw = False
45.5895 	EXP 	text_13: autoDraw = True
45.5895 	EXP 	text_13: foreColor = <psychopy.colors.Color: blue, alpha=1.0>
45.6041 	EXP 	text_13: foreColor = <psychopy.colors.Color: blue, alpha=1.0>
45.6357 	EXP 	text_13: foreColor = <psychopy.colors.Color: blue, alpha=1.0>
45.6673 	EXP 	text_13: foreColor = <psychopy.colors.Color: blue, alpha=1.0>
45.6744 	EXP 	New trial (rep=0, index=1): OrderedDict([('dirs', 'Online_conjL1_un//bTA3.none.wav'), ('time', 'none')])
45.6941 	DATA 	Keypress: y
45.7026 	EXP 	text_13: foreColor = <psychopy.colors.Color: blue, alpha=1.0>
45.7026 	EXP 	text_13: autoDraw = False
45.7026 	EXP 	text_13: autoDraw = True
45.7026 	EXP 	text_13: foreColor = <psychopy.colors.Color: blue, alpha=1.0>
45.7295 	EXP 	text_13: foreColor = <psychopy.colors.Color: blue, alpha=1.0>
45.7601 	EXP 	text_13: foreColor = <psychopy.colors.Color: blue, alpha=1.0>
45.7921 	EXP 	text_13: foreColor = <psychopy.colors.Color: blue, alpha=1.0>
45.8227 	EXP 	text_13: foreColor = <psychopy.colors.Color: blue, alpha=1.0>
45.8851 	EXP 	text_13: foreColor = <psychopy.colors.Color: blue, alpha=1.0>
45.9167 	EXP 	text_13: foreColor = <psychopy.colors.Color: blue, alpha=1.0>
45.9482 	EXP 	text_13: foreColor = <psychopy.colors.Color: blue, alpha=1.0>
45.9792 	EXP 	text_13: foreColor = <psychopy.colors.Color: blue, alpha=1.0>
46.0101 	EXP 	text_13: foreColor = <psychopy.colors.Color: blue, alpha=1.0>
46.0418 	EXP 	text_13: foreColor = <psychopy.colors.Color: blue, alpha=1.0>
46.1051 	EXP 	text_13: foreColor = <psychopy.colors.Color: blue, alpha=1.0>
46.1083 	EXP 	New trial (rep=0, index=2): OrderedDict([('dirs', 'Online_conjL1_un//bTA2.888.wav'), ('time', 888.0)])
46.1342 	DATA 	Keypress: y
46.1345 	DATA 	Keypress: y
46.1347 	DATA 	Keypress: y
46.1390 	EXP 	text_13: foreColor = <psychopy.colors.Color: blue, alpha=1.0>
46.1390 	EXP 	text_13: autoDraw = False
46.1390 	EXP 	text_13: autoDraw = True
46.1390 	EXP 	text_13: foreColor = <psychopy.colors.Color: blue, alpha=1.0>
46.1987 	EXP 	text_13: foreColor = <psychopy.colors.Color: blue, alpha=1.0>
46.2296 	EXP 	text_13: foreColor = <psychopy.colors.Color: blue, alpha=1.0>
46.2603 	EXP 	text_13: foreColor = <psychopy.colors.Color: blue, alpha=1.0>
46.2913 	EXP 	text_13: foreColor = <psychopy.colors.Color: blue, alpha=1.0>
46.2936 	EXP 	New trial (rep=0, index=3): OrderedDict([('dirs', 'Online_conjL1_un//bTA1.none.wav'), ('time', 'none')])
46.3493 	DATA 	Keypress: y
46.3539 	EXP 	text_13: foreColor = <psychopy.colors.Color: blue, alpha=1.0>
46.3539 	EXP 	text_13: autoDraw = False
46.3539 	EXP 	text_13: autoDraw = True
46.3539 	EXP 	text_13: foreColor = <psychopy.colors.Color: blue, alpha=1.0>
46.3869 	EXP 	text_13: foreColor = <psychopy.colors.Color: blue, alpha=1.0>
46.4168 	EXP 	text_13: foreColor = <psychopy.colors.Color: blue, alpha=1.0>
46.4219 	EXP 	New trial (rep=0, index=12): OrderedDict([('cond', 'ta'), ('ord', '52:56'), ('colour', 'blue')])
46.4366 	EXP 	Imported dir_Online_conjL1_un.csv as conditions, 4 conditions, 2 params
46.4370 	EXP 	Created sequence: random, trialTypes=4, nReps=1, seed=None
46.4373 	EXP 	New trial (rep=0, index=0): OrderedDict([('dirs', 'Online_conjL1_un//bTA23.888.wav'), ('time', 888.0)])
46.4780 	DATA 	Keypress: y
46.4826 	EXP 	text_13: foreColor = <psychopy.colors.Color: blue, alpha=1.0>
46.4826 	EXP 	text_13: autoDraw = False
46.4826 	EXP 	text_2: text = 'ta'
46.4826 	EXP 	text_2: autoDraw = True
46.4826 	EXP 	text_2: autoDraw = False
46.4826 	EXP 	text_2: autoDraw = False
46.4826 	EXP 	text_13: autoDraw = True
46.4826 	EXP 	text_13: foreColor = <psychopy.colors.Color: blue, alpha=1.0>
46.5103 	EXP 	text_13: foreColor = <psychopy.colors.Color: blue, alpha=1.0>
46.5421 	EXP 	text_13: foreColor = <psychopy.colors.Color: blue, alpha=1.0>
46.5757 	EXP 	text_13: foreColor = <psychopy.colors.Color: blue, alpha=1.0>
46.5814 	EXP 	New trial (rep=0, index=1): OrderedDict([('dirs', 'Online_conjL1_un//bTA22.none.wav'), ('time', 'none')])
46.6111 	DATA 	Keypress: y
46.6154 	EXP 	text_13: foreColor = <psychopy.colors.Color: blue, alpha=1.0>
46.6154 	EXP 	text_13: autoDraw = False
46.6154 	EXP 	text_13: autoDraw = True
46.6154 	EXP 	text_13: foreColor = <psychopy.colors.Color: blue, alpha=1.0>
46.6358 	EXP 	text_13: foreColor = <psychopy.colors.Color: blue, alpha=1.0>
46.6700 	EXP 	text_13: foreColor = <psychopy.colors.Color: blue, alpha=1.0>
46.7294 	EXP 	text_13: foreColor = <psychopy.colors.Color: blue, alpha=1.0>
46.7335 	EXP 	New trial (rep=0, index=2): OrderedDict([('dirs', 'Online_conjL1_un//bTA20.0.wav'), ('time', 0.0)])
46.7427 	DATA 	Keypress: y
46.7624 	EXP 	text_13: foreColor = <psychopy.colors.Color: blue, alpha=1.0>
46.7624 	EXP 	text_13: autoDraw = False
46.7624 	EXP 	text_13: autoDraw = True
46.7624 	EXP 	text_13: foreColor = <psychopy.colors.Color: blue, alpha=1.0>
46.7927 	EXP 	text_13: foreColor = <psychopy.colors.Color: blue, alpha=1.0>
46.8231 	EXP 	text_13: foreColor = <psychopy.colors.Color: blue, alpha=1.0>
46.8564 	EXP 	text_13: foreColor = <psychopy.colors.Color: blue, alpha=1.0>
46.8874 	EXP 	text_13: foreColor = <psychopy.colors.Color: blue, alpha=1.0>
46.8922 	EXP 	New trial (rep=0, index=3): OrderedDict([('dirs', 'Online_conjL1_un//bTA21.none.wav'), ('time', 'none')])
46.9255 	DATA 	Keypress: y
46.9305 	EXP 	text_13: foreColor = <psychopy.colors.Color: blue, alpha=1.0>
46.9305 	EXP 	text_13: autoDraw = False
46.9305 	EXP 	text_13: autoDraw = True
46.9305 	EXP 	text_13: foreColor = <psychopy.colors.Color: blue, alpha=1.0>
46.9472 	EXP 	text_13: foreColor = <psychopy.colors.Color: blue, alpha=1.0>
46.9794 	EXP 	text_13: foreColor = <psychopy.colors.Color: blue, alpha=1.0>
47.0165 	EXP 	text_13: foreColor = <psychopy.colors.Color: blue, alpha=1.0>
47.0446 	EXP 	text_13: foreColor = <psychopy.colors.Color: blue, alpha=1.0>
47.0500 	EXP 	New trial (rep=0, index=13): OrderedDict([('cond', 'ne'), ('ord', '120:124'), ('colour', 'orange')])
47.0720 	EXP 	Imported dir_Online_conjL1_un.csv as conditions, 4 conditions, 2 params
47.0726 	EXP 	Created sequence: random, trialTypes=4, nReps=1, seed=None
47.0731 	EXP 	New trial (rep=0, index=0): OrderedDict([('dirs', 'Online_conjL1_un//dNE24.222.wav'), ('time', 222.0)])
47.1846 	DATA 	Keypress: y
47.1856 	DATA 	Keypress: y
47.1903 	EXP 	text_13: foreColor = <psychopy.colors.Color: blue, alpha=1.0>
47.1903 	EXP 	text_13: autoDraw = False
47.1903 	EXP 	text_2: height = 0.05
47.1903 	EXP 	text_2: height = 0.05
47.1903 	EXP 	text_2: height = 0.05
47.1903 	EXP 	text_2: text = 'ne'
47.1903 	EXP 	text_2: autoDraw = True
47.1903 	EXP 	text_2: autoDraw = False
47.1903 	EXP 	text_2: autoDraw = False
47.1903 	EXP 	text_13: autoDraw = True
47.1903 	EXP 	text_13: foreColor = <psychopy.colors.Color: orange, alpha=1.0>
47.2269 	EXP 	text_13: foreColor = <psychopy.colors.Color: orange, alpha=1.0>
47.2642 	EXP 	text_13: foreColor = <psychopy.colors.Color: orange, alpha=1.0>
47.2950 	EXP 	text_13: foreColor = <psychopy.colors.Color: orange, alpha=1.0>
47.3229 	EXP 	text_13: foreColor = <psychopy.colors.Color: orange, alpha=1.0>
47.3554 	EXP 	text_13: foreColor = <psychopy.colors.Color: orange, alpha=1.0>
47.3623 	EXP 	New trial (rep=0, index=1): OrderedDict([('dirs', 'Online_conjL1_un//dNE26.444.wav'), ('time', 444.0)])
47.4067 	DATA 	Keypress: y
47.4116 	EXP 	text_13: foreColor = <psychopy.colors.Color: orange, alpha=1.0>
47.4116 	EXP 	text_13: autoDraw = False
47.4116 	EXP 	text_13: autoDraw = True
47.4116 	EXP 	text_13: foreColor = <psychopy.colors.Color: orange, alpha=1.0>
47.4460 	EXP 	text_13: foreColor = <psychopy.colors.Color: orange, alpha=1.0>
47.4794 	EXP 	text_13: foreColor = <psychopy.colors.Color: orange, alpha=1.0>
47.4859 	EXP 	New trial (rep=0, index=2): OrderedDict([('dirs', 'Online_conjL1_un//dNE25.none.wav'), ('time', 'none')])
47.5463 	DATA 	Keypress: y
47.5507 	EXP 	text_13: foreColor = <psychopy.colors.Color: orange, alpha=1.0>
47.5507 	EXP 	text_13: autoDraw = False
47.5507 	EXP 	text_13: autoDraw = True
47.5507 	EXP 	text_13: foreColor = <psychopy.colors.Color: orange, alpha=1.0>
47.5765 	EXP 	text_13: foreColor = <psychopy.colors.Color: orange, alpha=1.0>
47.6071 	EXP 	text_13: foreColor = <psychopy.colors.Color: orange, alpha=1.0>
47.6361 	EXP 	text_13: foreColor = <psychopy.colors.Color: orange, alpha=1.0>
47.6436 	EXP 	New trial (rep=0, index=3): OrderedDict([('dirs', 'Online_conjL1_un//dNE27.444.wav'), ('time', 444.0)])
47.6542 	DATA 	Keypress: y
47.6664 	EXP 	text_13: foreColor = <psychopy.colors.Color: orange, alpha=1.0>
47.6664 	EXP 	text_13: autoDraw = False
47.6664 	EXP 	text_13: autoDraw = True
47.6664 	EXP 	text_13: foreColor = <psychopy.colors.Color: orange, alpha=1.0>
47.6981 	EXP 	text_13: foreColor = <psychopy.colors.Color: orange, alpha=1.0>
47.7324 	EXP 	text_13: foreColor = <psychopy.colors.Color: orange, alpha=1.0>
47.7632 	EXP 	text_13: foreColor = <psychopy.colors.Color: orange, alpha=1.0>
47.7923 	EXP 	text_13: foreColor = <psychopy.colors.Color: orange, alpha=1.0>
47.7957 	EXP 	New trial (rep=0, index=14): OrderedDict([('cond', 'ne'), ('ord', '104:108'), ('colour', 'orange')])
47.8080 	EXP 	Imported dir_Online_conjL1_un.csv as conditions, 4 conditions, 2 params
47.8088 	EXP 	Created sequence: random, trialTypes=4, nReps=1, seed=None
47.8094 	EXP 	New trial (rep=0, index=0): OrderedDict([('dirs', 'Online_conjL1_un//dNE9.222.wav'), ('time', 222.0)])
47.8375 	DATA 	Keypress: y
47.8419 	EXP 	text_13: foreColor = <psychopy.colors.Color: orange, alpha=1.0>
47.8419 	EXP 	text_13: autoDraw = False
47.8419 	EXP 	text_2: text = 'ne'
47.8419 	EXP 	text_2: autoDraw = True
47.8419 	EXP 	text_2: autoDraw = False
47.8419 	EXP 	text_2: autoDraw = False
47.8419 	EXP 	text_13: autoDraw = True
47.8419 	EXP 	text_13: foreColor = <psychopy.colors.Color: orange, alpha=1.0>
47.8557 	EXP 	text_13: foreColor = <psychopy.colors.Color: orange, alpha=1.0>
47.8861 	EXP 	text_13: foreColor = <psychopy.colors.Color: orange, alpha=1.0>
47.9197 	EXP 	text_13: foreColor = <psychopy.colors.Color: orange, alpha=1.0>
47.9500 	EXP 	text_13: foreColor = <psychopy.colors.Color: orange, alpha=1.0>
47.9563 	EXP 	New trial (rep=0, index=1): OrderedDict([('dirs', 'Online_conjL1_un//dNE11.1776.wav'), ('time', 1776.0)])
47.9873 	DATA 	Keypress: y
47.9924 	EXP 	text_13: foreColor = <psychopy.colors.Color: orange, alpha=1.0>
47.9924 	EXP 	text_13: autoDraw = False
47.9924 	EXP 	text_13: autoDraw = True
47.9924 	EXP 	text_13: foreColor = <psychopy.colors.Color: orange, alpha=1.0>
48.0104 	EXP 	text_13: foreColor = <psychopy.colors.Color: orange, alpha=1.0>
48.0422 	EXP 	text_13: foreColor = <psychopy.colors.Color: orange, alpha=1.0>
48.0760 	EXP 	text_13: foreColor = <psychopy.colors.Color: orange, alpha=1.0>
48.1067 	EXP 	text_13: foreColor = <psychopy.colors.Color: orange, alpha=1.0>
48.1088 	EXP 	New trial (rep=0, index=2): OrderedDict([('dirs', 'Online_conjL1_un//dNE10.none.wav'), ('time', 'none')])
48.1380 	DATA 	Keypress: y
48.1425 	EXP 	text_13: foreColor = <psychopy.colors.Color: orange, alpha=1.0>
48.1425 	EXP 	text_13: autoDraw = False
48.1425 	EXP 	text_13: autoDraw = True
48.1425 	EXP 	text_13: foreColor = <psychopy.colors.Color: orange, alpha=1.0>
48.1676 	EXP 	text_13: foreColor = <psychopy.colors.Color: orange, alpha=1.0>
48.2027 	EXP 	text_13: foreColor = <psychopy.colors.Color: orange, alpha=1.0>
48.2299 	EXP 	text_13: foreColor = <psychopy.colors.Color: orange, alpha=1.0>
48.2649 	EXP 	text_13: foreColor = <psychopy.colors.Color: orange, alpha=1.0>
48.2744 	EXP 	New trial (rep=0, index=3): OrderedDict([('dirs', 'Online_conjL1_un//dNE8.0.wav'), ('time', 0.0)])
48.3027 	DATA 	Keypress: y
48.3070 	EXP 	text_13: foreColor = <psychopy.colors.Color: orange, alpha=1.0>
48.3070 	EXP 	text_13: autoDraw = False
48.3070 	EXP 	text_13: autoDraw = True
48.3070 	EXP 	text_13: foreColor = <psychopy.colors.Color: orange, alpha=1.0>
48.3272 	EXP 	text_13: foreColor = <psychopy.colors.Color: orange, alpha=1.0>
48.3543 	EXP 	text_13: foreColor = <psychopy.colors.Color: orange, alpha=1.0>
48.3882 	EXP 	text_13: foreColor = <psychopy.colors.Color: orange, alpha=1.0>
48.4196 	EXP 	text_13: foreColor = <psychopy.colors.Color: orange, alpha=1.0>
48.4224 	EXP 	New trial (rep=0, index=15): OrderedDict([('cond', 'ne'), ('ord', '112:116'), ('colour', 'orange')])
48.4485 	EXP 	Imported dir_Online_conjL1_un.csv as conditions, 4 conditions, 2 params
48.4502 	EXP 	Created sequence: random, trialTypes=4, nReps=1, seed=None
48.4517 	EXP 	New trial (rep=0, index=0): OrderedDict([('dirs', 'Online_conjL1_un//dNE16.222.wav'), ('time', 222.0)])
48.4797 	DATA 	Keypress: y
48.4843 	EXP 	text_13: foreColor = <psychopy.colors.Color: orange, alpha=1.0>
48.4843 	EXP 	text_13: autoDraw = False
48.4843 	EXP 	text_2: text = 'ne'
48.4843 	EXP 	text_2: autoDraw = True
48.4843 	EXP 	text_2: autoDraw = False
48.4843 	EXP 	text_2: autoDraw = False
48.4843 	EXP 	text_13: autoDraw = True
48.4843 	EXP 	text_13: foreColor = <psychopy.colors.Color: orange, alpha=1.0>
48.5104 	EXP 	text_13: foreColor = <psychopy.colors.Color: orange, alpha=1.0>
48.5419 	EXP 	text_13: foreColor = <psychopy.colors.Color: orange, alpha=1.0>
48.5762 	EXP 	text_13: foreColor = <psychopy.colors.Color: orange, alpha=1.0>
48.5799 	EXP 	New trial (rep=0, index=1): OrderedDict([('dirs', 'Online_conjL1_un//dNE19.none.wav'), ('time', 'none')])
48.5957 	DATA 	Keypress: y
48.6053 	EXP 	text_13: foreColor = <psychopy.colors.Color: orange, alpha=1.0>
48.6053 	EXP 	text_13: autoDraw = False
48.6053 	EXP 	text_13: autoDraw = True
48.6053 	EXP 	text_13: foreColor = <psychopy.colors.Color: orange, alpha=1.0>
48.6384 	EXP 	text_13: foreColor = <psychopy.colors.Color: orange, alpha=1.0>
48.6660 	EXP 	text_13: foreColor = <psychopy.colors.Color: orange, alpha=1.0>
48.7009 	EXP 	text_13: foreColor = <psychopy.colors.Color: orange, alpha=1.0>
48.7335 	EXP 	text_13: foreColor = <psychopy.colors.Color: orange, alpha=1.0>
48.7380 	EXP 	New trial (rep=0, index=2): OrderedDict([('dirs', 'Online_conjL1_un//dNE18.444.wav'), ('time', 444.0)])
48.7537 	DATA 	Keypress: y
48.7606 	EXP 	text_13: foreColor = <psychopy.colors.Color: orange, alpha=1.0>
48.7606 	EXP 	text_13: autoDraw = False
48.7606 	EXP 	text_13: autoDraw = True
48.7606 	EXP 	text_13: foreColor = <psychopy.colors.Color: orange, alpha=1.0>
48.7917 	EXP 	text_13: foreColor = <psychopy.colors.Color: orange, alpha=1.0>
48.8271 	EXP 	text_13: foreColor = <psychopy.colors.Color: orange, alpha=1.0>
48.8577 	EXP 	text_13: foreColor = <psychopy.colors.Color: orange, alpha=1.0>
48.8861 	EXP 	text_13: foreColor = <psychopy.colors.Color: orange, alpha=1.0>
48.9170 	EXP 	text_13: foreColor = <psychopy.colors.Color: orange, alpha=1.0>
48.9214 	EXP 	New trial (rep=0, index=3): OrderedDict([('dirs', 'Online_conjL1_un//dNE17.none.wav'), ('time', 'none')])
48.9339 	DATA 	Keypress: y
48.9515 	EXP 	text_13: foreColor = <psychopy.colors.Color: orange, alpha=1.0>
48.9515 	EXP 	text_13: autoDraw = False
48.9515 	EXP 	text_13: autoDraw = True
48.9515 	EXP 	text_13: foreColor = <psychopy.colors.Color: orange, alpha=1.0>
48.9788 	EXP 	text_13: foreColor = <psychopy.colors.Color: orange, alpha=1.0>
49.0110 	EXP 	text_13: foreColor = <psychopy.colors.Color: orange, alpha=1.0>
49.0444 	EXP 	text_13: foreColor = <psychopy.colors.Color: orange, alpha=1.0>
49.0739 	EXP 	text_13: foreColor = <psychopy.colors.Color: orange, alpha=1.0>
49.0801 	EXP 	New trial (rep=0, index=16): OrderedDict([('cond', 'ne'), ('ord', '124:128'), ('colour', 'orange')])
49.0959 	EXP 	Imported dir_Online_conjL1_un.csv as conditions, 4 conditions, 2 params
49.0965 	EXP 	Created sequence: random, trialTypes=4, nReps=1, seed=None
49.0968 	EXP 	New trial (rep=0, index=0): OrderedDict([('dirs', 'Online_conjL1_un//dNE30.none.wav'), ('time', 'none')])
49.1157 	DATA 	Keypress: y
49.1205 	EXP 	text_13: foreColor = <psychopy.colors.Color: orange, alpha=1.0>
49.1205 	EXP 	text_13: autoDraw = False
49.1205 	EXP 	text_2: text = 'ne'
49.1205 	EXP 	text_2: autoDraw = True
49.1205 	EXP 	text_2: autoDraw = False
49.1205 	EXP 	text_2: autoDraw = False
49.1205 	EXP 	text_13: autoDraw = True
49.1205 	EXP 	text_13: foreColor = <psychopy.colors.Color: orange, alpha=1.0>
49.1395 	EXP 	text_13: foreColor = <psychopy.colors.Color: orange, alpha=1.0>
49.1708 	EXP 	text_13: foreColor = <psychopy.colors.Color: orange, alpha=1.0>
49.1990 	EXP 	text_13: foreColor = <psychopy.colors.Color: orange, alpha=1.0>
49.2327 	EXP 	text_13: foreColor = <psychopy.colors.Color: orange, alpha=1.0>
49.2364 	EXP 	New trial (rep=0, index=1): OrderedDict([('dirs', 'Online_conjL1_un//dNE29.none.wav'), ('time', 'none')])
49.2829 	DATA 	Keypress: y
49.2875 	EXP 	text_13: foreColor = <psychopy.colors.Color: orange, alpha=1.0>
49.2875 	EXP 	text_13: autoDraw = False
49.2875 	EXP 	text_13: autoDraw = True
49.2875 	EXP 	text_13: foreColor = <psychopy.colors.Color: orange, alpha=1.0>
49.3265 	EXP 	text_13: foreColor = <psychopy.colors.Color: orange, alpha=1.0>
49.3574 	EXP 	text_13: foreColor = <psychopy.colors.Color: orange, alpha=1.0>
49.3886 	EXP 	text_13: foreColor = <psychopy.colors.Color: orange, alpha=1.0>
49.3951 	EXP 	New trial (rep=0, index=2): OrderedDict([('dirs', 'Online_conjL1_un//dNE31.1332.wav'), ('time', 1332.0)])
49.4329 	DATA 	Keypress: y
49.4374 	EXP 	text_13: foreColor = <psychopy.colors.Color: orange, alpha=1.0>
49.4374 	EXP 	text_13: autoDraw = False
49.4374 	EXP 	text_13: autoDraw = True
49.4374 	EXP 	text_13: foreColor = <psychopy.colors.Color: orange, alpha=1.0>
49.4507 	EXP 	text_13: foreColor = <psychopy.colors.Color: orange, alpha=1.0>
49.4822 	EXP 	text_13: foreColor = <psychopy.colors.Color: orange, alpha=1.0>
49.5112 	EXP 	text_13: foreColor = <psychopy.colors.Color: orange, alpha=1.0>
49.5422 	EXP 	text_13: foreColor = <psychopy.colors.Color: orange, alpha=1.0>
49.5456 	EXP 	New trial (rep=0, index=3): OrderedDict([('dirs', 'Online_conjL1_un//dNE28.444.wav'), ('time', 444.0)])
49.5801 	DATA 	Keypress: y
49.5848 	EXP 	text_13: foreColor = <psychopy.colors.Color: orange, alpha=1.0>
49.5848 	EXP 	text_13: autoDraw = False
49.5848 	EXP 	text_13: autoDraw = True
49.5848 	EXP 	text_13: foreColor = <psychopy.colors.Color: orange, alpha=1.0>
49.6363 	EXP 	text_13: foreColor = <psychopy.colors.Color: orange, alpha=1.0>
49.6670 	EXP 	text_13: foreColor = <psychopy.colors.Color: orange, alpha=1.0>
49.7324 	EXP 	text_13: foreColor = <psychopy.colors.Color: orange, alpha=1.0>
49.7358 	EXP 	New trial (rep=0, index=17): OrderedDict([('cond', 'ki'), ('ord', '20:24'), ('colour', 'red')])
49.7750 	EXP 	Imported dir_Online_conjL1_un.csv as conditions, 4 conditions, 2 params
49.7757 	EXP 	Created sequence: random, trialTypes=4, nReps=1, seed=None
49.7762 	EXP 	New trial (rep=0, index=0): OrderedDict([('dirs', 'Online_conjL1_un//aKI21.none.wav'), ('time', 'none')])
49.8074 	DATA 	Keypress: y
49.8121 	EXP 	text_13: foreColor = <psychopy.colors.Color: orange, alpha=1.0>
49.8121 	EXP 	text_13: autoDraw = False
49.8121 	EXP 	text_2: height = 0.05
49.8121 	EXP 	text_2: height = 0.05
49.8121 	EXP 	text_2: height = 0.05
49.8121 	EXP 	text_2: text = 'ki'
49.8121 	EXP 	text_2: autoDraw = True
49.8121 	EXP 	text_2: autoDraw = False
49.8121 	EXP 	text_2: autoDraw = False
49.8121 	EXP 	text_13: autoDraw = True
49.8121 	EXP 	text_13: foreColor = <psychopy.colors.Color: red, alpha=1.0>
49.8264 	EXP 	text_13: foreColor = <psychopy.colors.Color: red, alpha=1.0>
49.8549 	EXP 	text_13: foreColor = <psychopy.colors.Color: red, alpha=1.0>
49.8613 	DATA 	Keypress: y
49.8893 	EXP 	text_13: foreColor = <psychopy.colors.Color: red, alpha=1.0>
49.8934 	EXP 	New trial (rep=0, index=1): OrderedDict([('dirs', 'Online_conjL1_un//aKI22.none.wav'), ('time', 'none')])
49.9654 	EXP 	text_13: foreColor = <psychopy.colors.Color: red, alpha=1.0>
49.9654 	EXP 	text_13: autoDraw = False
49.9654 	EXP 	text_13: autoDraw = True
49.9654 	EXP 	text_13: foreColor = <psychopy.colors.Color: red, alpha=1.0>
49.9832 	EXP 	text_13: foreColor = <psychopy.colors.Color: red, alpha=1.0>
50.0144 	EXP 	text_13: foreColor = <psychopy.colors.Color: red, alpha=1.0>
50.0425 	EXP 	text_13: foreColor = <psychopy.colors.Color: red, alpha=1.0>
50.0454 	EXP 	New trial (rep=0, index=2): OrderedDict([('dirs', 'Online_conjL1_un//aKI23.888.wav'), ('time', 888.0)])
50.0892 	DATA 	Keypress: y
50.0945 	EXP 	text_13: foreColor = <psychopy.colors.Color: red, alpha=1.0>
50.0945 	EXP 	text_13: autoDraw = False
50.0945 	EXP 	text_13: autoDraw = True
50.0945 	EXP 	text_13: foreColor = <psychopy.colors.Color: red, alpha=1.0>
50.1061 	EXP 	text_13: foreColor = <psychopy.colors.Color: red, alpha=1.0>
50.1373 	EXP 	text_13: foreColor = <psychopy.colors.Color: red, alpha=1.0>
50.1987 	EXP 	text_13: foreColor = <psychopy.colors.Color: red, alpha=1.0>
50.2019 	EXP 	New trial (rep=0, index=3): OrderedDict([('dirs', 'Online_conjL1_un//aKI20.1776.wav'), ('time', 1776.0)])
50.2165 	DATA 	Keypress: y
50.2301 	EXP 	text_13: foreColor = <psychopy.colors.Color: red, alpha=1.0>
50.2301 	EXP 	text_13: autoDraw = False
50.2301 	EXP 	text_13: autoDraw = True
50.2301 	EXP 	text_13: foreColor = <psychopy.colors.Color: red, alpha=1.0>
50.2620 	EXP 	text_13: foreColor = <psychopy.colors.Color: red, alpha=1.0>
50.2922 	EXP 	text_13: foreColor = <psychopy.colors.Color: red, alpha=1.0>
50.3260 	EXP 	text_13: foreColor = <psychopy.colors.Color: red, alpha=1.0>
50.3549 	EXP 	text_13: foreColor = <psychopy.colors.Color: red, alpha=1.0>
50.3626 	EXP 	New trial (rep=0, index=18): OrderedDict([('cond', 'ki'), ('ord', '8:12'), ('colour', 'red')])
50.3777 	EXP 	Imported dir_Online_conjL1_un.csv as conditions, 4 conditions, 2 params
50.3781 	EXP 	Created sequence: random, trialTypes=4, nReps=1, seed=None
50.3784 	EXP 	New trial (rep=0, index=0): OrderedDict([('dirs', 'Online_conjL1_un//aKI9.888.wav'), ('time', 888.0)])
50.3974 	DATA 	Keypress: y
50.4021 	EXP 	text_13: foreColor = <psychopy.colors.Color: red, alpha=1.0>
50.4021 	EXP 	text_13: autoDraw = False
50.4021 	EXP 	text_2: text = 'ki'
50.4021 	EXP 	text_2: autoDraw = True
50.4021 	EXP 	text_2: autoDraw = False
50.4021 	EXP 	text_2: autoDraw = False
50.4021 	EXP 	text_13: autoDraw = True
50.4021 	EXP 	text_13: foreColor = <psychopy.colors.Color: red, alpha=1.0>
50.4171 	EXP 	text_13: foreColor = <psychopy.colors.Color: red, alpha=1.0>
50.4488 	EXP 	text_13: foreColor = <psychopy.colors.Color: red, alpha=1.0>
50.4795 	EXP 	text_13: foreColor = <psychopy.colors.Color: red, alpha=1.0>
50.5118 	EXP 	text_13: foreColor = <psychopy.colors.Color: red, alpha=1.0>
50.5754 	EXP 	text_13: foreColor = <psychopy.colors.Color: red, alpha=1.0>
50.5772 	EXP 	New trial (rep=0, index=1): OrderedDict([('dirs', 'Online_conjL1_un//aKI8.none.wav'), ('time', 'none')])
50.6341 	DATA 	Keypress: y
50.6398 	EXP 	text_13: foreColor = <psychopy.colors.Color: red, alpha=1.0>
50.6398 	EXP 	text_13: autoDraw = False
50.6398 	EXP 	text_13: autoDraw = True
50.6398 	EXP 	text_13: foreColor = <psychopy.colors.Color: red, alpha=1.0>
50.6701 	EXP 	text_13: foreColor = <psychopy.colors.Color: red, alpha=1.0>
50.6754 	EXP 	New trial (rep=0, index=2): OrderedDict([('dirs', 'Online_conjL1_un//aKI11.1776.wav'), ('time', 1776.0)])
50.7196 	DATA 	Keypress: y
50.7240 	EXP 	text_13: foreColor = <psychopy.colors.Color: red, alpha=1.0>
50.7240 	EXP 	text_13: autoDraw = False
50.7240 	EXP 	text_13: autoDraw = True
50.7240 	EXP 	text_13: foreColor = <psychopy.colors.Color: red, alpha=1.0>
50.7580 	EXP 	text_13: foreColor = <psychopy.colors.Color: red, alpha=1.0>
50.7919 	EXP 	text_13: foreColor = <psychopy.colors.Color: red, alpha=1.0>
50.8266 	EXP 	text_13: foreColor = <psychopy.colors.Color: red, alpha=1.0>
50.8560 	EXP 	text_13: foreColor = <psychopy.colors.Color: red, alpha=1.0>
50.8864 	EXP 	text_13: foreColor = <psychopy.colors.Color: red, alpha=1.0>
50.8894 	DATA 	Keypress: escape
50.9168 	EXP 	text_13: foreColor = <psychopy.colors.Color: red, alpha=1.0>
50.9475 	EXP 	text_13: foreColor = <psychopy.colors.Color: red, alpha=1.0>
50.9787 	EXP 	text_13: foreColor = <psychopy.colors.Color: red, alpha=1.0>
51.0100 	EXP 	text_13: foreColor = <psychopy.colors.Color: red, alpha=1.0>
51.6682 	EXP 	window1: mouseVisible = True
